Making install in include
make[1]: Entering directory '/src/trafficserver/include'
Making install in ts
make[2]: Entering directory '/src/trafficserver/include/ts'
make[3]: Entering directory '/src/trafficserver/include/ts'
make[3]: Nothing to be done for 'install-exec-am'.
 /usr/bin/mkdir -p '/usr/include/ts'
 /usr/bin/install -c -m 644 apidefs.h ts.h remap.h experimental.h parentselectdefs.h '/usr/include/ts'
make[3]: Leaving directory '/src/trafficserver/include/ts'
make[2]: Leaving directory '/src/trafficserver/include/ts'
Making install in tscpp/api
make[2]: Entering directory '/src/trafficserver/include/tscpp/api'
make[3]: Entering directory '/src/trafficserver/include/tscpp/api'
make[3]: Nothing to be done for 'install-exec-am'.
 /usr/bin/mkdir -p '/usr/include/tscpp/api'
 /usr/bin/install -c -m 644 Async.h AsyncHttpFetch.h AsyncTimer.h CaseInsensitiveStringComparator.h ClientRequest.h Continuation.h GlobalPlugin.h GzipDeflateTransformation.h GzipInflateTransformation.h Headers.h HttpMethod.h HttpStatus.h HttpVersion.h InterceptPlugin.h Logger.h Plugin.h PluginInit.h RemapPlugin.h Request.h Response.h Stat.h Transaction.h TransactionPlugin.h TransformationPlugin.h Url.h noncopyable.h utils.h '/usr/include/tscpp/api'
make[3]: Leaving directory '/src/trafficserver/include/tscpp/api'
make[2]: Leaving directory '/src/trafficserver/include/tscpp/api'
Making install in tscpp/util
make[2]: Entering directory '/src/trafficserver/include/tscpp/util'
make[3]: Entering directory '/src/trafficserver/include/tscpp/util'
make[3]: Nothing to be done for 'install-exec-am'.
 /usr/bin/mkdir -p '/usr/include/tscpp/util'
 /usr/bin/install -c -m 644 IntrusiveDList.h LocalBuffer.h PostScript.h TextView.h TsSharedMutex.h '/usr/include/tscpp/util'
make[3]: Leaving directory '/src/trafficserver/include/tscpp/util'
make[2]: Leaving directory '/src/trafficserver/include/tscpp/util'
make[2]: Entering directory '/src/trafficserver/include'
make[3]: Entering directory '/src/trafficserver/include'
make[3]: Nothing to be done for 'install-exec-am'.
make[3]: Nothing to be done for 'install-data-am'.
make[3]: Leaving directory '/src/trafficserver/include'
make[2]: Leaving directory '/src/trafficserver/include'
make[1]: Leaving directory '/src/trafficserver/include'
Making install in src/tscpp/util
make[1]: Entering directory '/src/trafficserver/src/tscpp/util'
make[2]: Entering directory '/src/trafficserver/src/tscpp/util'
 /usr/bin/mkdir -p '/usr/lib'
 /bin/bash ../../../libtool   --mode=install /usr/bin/install -c   libtscpputil.la '/usr/lib'
libtool: install: /usr/bin/install -c .libs/libtscpputil.so.9.2.0 /usr/lib/libtscpputil.so.9.2.0
libtool: install: (cd /usr/lib && { ln -s -f libtscpputil.so.9.2.0 libtscpputil.so.9 || { rm -f libtscpputil.so.9 && ln -s libtscpputil.so.9.2.0 libtscpputil.so.9; }; })
libtool: install: (cd /usr/lib && { ln -s -f libtscpputil.so.9.2.0 libtscpputil.so || { rm -f libtscpputil.so && ln -s libtscpputil.so.9.2.0 libtscpputil.so; }; })
libtool: install: /usr/bin/install -c .libs/libtscpputil.lai /usr/lib/libtscpputil.la
libtool: finish: PATH="/src/.local/bin:/usr/local/sbin:/usr/local/bin:/usr/sbin:/usr/bin:/sbin:/bin:/sbin" ldconfig -n /usr/lib
----------------------------------------------------------------------
Libraries have been installed in:
   /usr/lib

If you ever happen to want to link against installed libraries
in a given directory, LIBDIR, you must either use libtool, and
specify the full pathname of the library, or use the '-LLIBDIR'
flag during linking and do at least one of the following:
   - add LIBDIR to the 'LD_LIBRARY_PATH' environment variable
     during execution
   - add LIBDIR to the 'LD_RUN_PATH' environment variable
     during linking
   - use the '-Wl,-rpath -Wl,LIBDIR' linker flag
   - have your system administrator add LIBDIR to '/etc/ld.so.conf'

See any operating system documentation about shared libraries for
more information, such as the ld(1) and ld.so(8) manual pages.
----------------------------------------------------------------------
make[2]: Nothing to be done for 'install-data-am'.
make[2]: Leaving directory '/src/trafficserver/src/tscpp/util'
make[1]: Leaving directory '/src/trafficserver/src/tscpp/util'
Making install in lib
make[1]: Entering directory '/src/trafficserver/lib'
Making install in .
make[2]: Entering directory '/src/trafficserver/lib'
make -C yamlcpp
make[3]: Entering directory '/src/trafficserver/lib/yamlcpp'
make[3]: Nothing to be done for 'all'.
make[3]: Leaving directory '/src/trafficserver/lib/yamlcpp'
make[3]: Entering directory '/src/trafficserver/lib'
make[3]: Nothing to be done for 'install-exec-am'.
make[3]: Nothing to be done for 'install-data-am'.
make[3]: Leaving directory '/src/trafficserver/lib'
make[2]: Leaving directory '/src/trafficserver/lib'
Making install in records
make[2]: Entering directory '/src/trafficserver/lib/records'
make[3]: Entering directory '/src/trafficserver/lib/records'
make[3]: Nothing to be done for 'install-exec-am'.
make[3]: Nothing to be done for 'install-data-am'.
make[3]: Leaving directory '/src/trafficserver/lib/records'
make[2]: Leaving directory '/src/trafficserver/lib/records'
Making install in fastlz
make[2]: Entering directory '/src/trafficserver/lib/fastlz'
make[3]: Entering directory '/src/trafficserver/lib/fastlz'
make[3]: Nothing to be done for 'install-exec-am'.
make[3]: Nothing to be done for 'install-data-am'.
make[3]: Leaving directory '/src/trafficserver/lib/fastlz'
make[2]: Leaving directory '/src/trafficserver/lib/fastlz'
Making install in perl
make[2]: Entering directory '/src/trafficserver/lib/perl'
make -f Makefile-pl INSTALLDIRS=perl PREFIX=/usr DESTDIR=
make[3]: Entering directory '/src/trafficserver/lib/perl'
Manifying 3 pod documents
make[3]: Leaving directory '/src/trafficserver/lib/perl'
make[3]: Entering directory '/src/trafficserver/lib/perl'
make -f Makefile-pl INSTALLMAN3DIR=/usr/share/man/man3 INSTALLDIRS=perl PREFIX=/usr DESTDIR= install
make[4]: Entering directory '/src/trafficserver/lib/perl'
Manifying 3 pod documents
Installing /usr/lib/perl5/Apache/TS.pm
Installing /usr/lib/perl5/Apache/TS/AdminClient.pm
Installing /usr/lib/perl5/Apache/TS/Config.pm
Installing /usr/lib/perl5/Apache/TS/Config/Records.pm
Installing /usr/share/man/man3/Apache::TS.3pm
Installing /usr/share/man/man3/Apache::TS::AdminClient.3pm
Installing /usr/share/man/man3/Apache::TS::Config::Records.3pm
make[4]: Leaving directory '/src/trafficserver/lib/perl'
make[3]: Nothing to be done for 'install-data-am'.
make[3]: Leaving directory '/src/trafficserver/lib/perl'
make[2]: Leaving directory '/src/trafficserver/lib/perl'
make[1]: Leaving directory '/src/trafficserver/lib'
Making install in src/tscore
make[1]: Entering directory '/src/trafficserver/src/tscore'
Makefile:2609: warning: overriding recipe for target 'CompileParseRules'
Makefile:1186: warning: ignoring old recipe for target 'CompileParseRules'
make  install-am
make[2]: Entering directory '/src/trafficserver/src/tscore'
Makefile:2609: warning: overriding recipe for target 'CompileParseRules'
Makefile:1186: warning: ignoring old recipe for target 'CompileParseRules'
make[3]: Entering directory '/src/trafficserver/src/tscore'
Makefile:2609: warning: overriding recipe for target 'CompileParseRules'
Makefile:1186: warning: ignoring old recipe for target 'CompileParseRules'
 /usr/bin/mkdir -p '/usr/lib'
 /bin/bash ../../libtool   --mode=install /usr/bin/install -c   libtscore.la '/usr/lib'
libtool: warning: relinking 'libtscore.la'
libtool: install: (cd /src/trafficserver/src/tscore; /bin/bash "/src/trafficserver/libtool"  --silent --tag CXX --mode=relink c++ -std=c++17 -g -pipe -Wall -Wextra -Wno-ignored-qualifiers -Wno-unused-parameter -Wno-format-truncation -Wno-cast-function-type -Wno-stringop-overflow -O3 -feliminate-unused-debug-symbols -fno-strict-aliasing -Wno-invalid-offsetof -Wno-noexcept-type -Wsuggest-override -mcx16 -rdynamic -Wl,--as-needed -no-undefined -version-info 11:0:2 -L/src/trafficserver/lib/yamlcpp -o libtscore.la -rpath /usr/lib AcidPtr.lo Arena.lo ArgParser.lo BaseLogFile.lo BufferWriterFormat.lo ConsistentHash.lo ContFlags.lo CryptoHash.lo Diags.lo Errata.lo EventNotify.lo Extendible.lo Hash.lo HashFNV.lo HashMD5.lo HashSip.lo HostLookup.lo hugepages.lo ink_args.lo ink_assert.lo ink_base64.lo ink_cap.lo ink_code.lo ink_defs.lo InkErrno.lo ink_error.lo ink_file.lo ink_hrtime.lo ink_hw.lo ink_inet.lo ink_memory.lo ink_mutex.lo ink_queue.lo ink_queue_utils.lo ink_rand.lo ink_res_init.lo ink_res_mkquery.lo ink_resource.lo ink_rwlock.lo ink_sock.lo ink_sprintf.lo ink_stack_trace.lo ink_string.lo ink_string++.lo ink_sys_control.lo ink_syslog.lo ink_thread.lo ink_time.lo ink_uuid.lo IpMap.lo IpMapConf.lo JeAllocator.lo Layout.lo llqueue.lo lockfile.lo MatcherUtils.lo MemArena.lo MMH.lo ParseRules.lo Random.lo RbTree.lo Regex.lo Regression.lo runroot.lo signals.lo SourceLocation.lo TextBuffer.lo LogMessage.lo Throttler.lo Tokenizer.lo ts_file.lo Version.lo X509HostnameValidator.lo HKDF_openssl.lo ../../src/tscpp/util/libtscpputil.la -lhwloc -lpcre -lssl -lcrypto -lresolv -lcap -lyamlcpp -lc -lpthread -ldl )
libtool: install: /usr/bin/install -c .libs/libtscore.so.9.2.0T /usr/lib/libtscore.so.9.2.0
libtool: install: (cd /usr/lib && { ln -s -f libtscore.so.9.2.0 libtscore.so.9 || { rm -f libtscore.so.9 && ln -s libtscore.so.9.2.0 libtscore.so.9; }; })
libtool: install: (cd /usr/lib && { ln -s -f libtscore.so.9.2.0 libtscore.so || { rm -f libtscore.so && ln -s libtscore.so.9.2.0 libtscore.so; }; })
libtool: install: /usr/bin/install -c .libs/libtscore.lai /usr/lib/libtscore.la
libtool: finish: PATH="/src/.local/bin:/usr/local/sbin:/usr/local/bin:/usr/sbin:/usr/bin:/sbin:/bin:/sbin" ldconfig -n /usr/lib
----------------------------------------------------------------------
Libraries have been installed in:
   /usr/lib

If you ever happen to want to link against installed libraries
in a given directory, LIBDIR, you must either use libtool, and
specify the full pathname of the library, or use the '-LLIBDIR'
flag during linking and do at least one of the following:
   - add LIBDIR to the 'LD_LIBRARY_PATH' environment variable
     during execution
   - add LIBDIR to the 'LD_RUN_PATH' environment variable
     during linking
   - use the '-Wl,-rpath -Wl,LIBDIR' linker flag
   - have your system administrator add LIBDIR to '/etc/ld.so.conf'

See any operating system documentation about shared libraries for
more information, such as the ld(1) and ld.so(8) manual pages.
----------------------------------------------------------------------
make[3]: Nothing to be done for 'install-data-am'.
make[3]: Leaving directory '/src/trafficserver/src/tscore'
make[2]: Leaving directory '/src/trafficserver/src/tscore'
make[1]: Leaving directory '/src/trafficserver/src/tscore'
Making install in iocore
make[1]: Entering directory '/src/trafficserver/iocore'
Making install in eventsystem
make[2]: Entering directory '/src/trafficserver/iocore/eventsystem'
make[3]: Entering directory '/src/trafficserver/iocore/eventsystem'
make[3]: Nothing to be done for 'install-exec-am'.
make[3]: Nothing to be done for 'install-data-am'.
make[3]: Leaving directory '/src/trafficserver/iocore/eventsystem'
make[2]: Leaving directory '/src/trafficserver/iocore/eventsystem'
Making install in net
make[2]: Entering directory '/src/trafficserver/iocore/net'
make[3]: Entering directory '/src/trafficserver/iocore/net'
make[4]: Entering directory '/src/trafficserver/iocore/net'
make[4]: Nothing to be done for 'install-exec-am'.
make[4]: Nothing to be done for 'install-data-am'.
make[4]: Leaving directory '/src/trafficserver/iocore/net'
make[3]: Leaving directory '/src/trafficserver/iocore/net'
make[2]: Leaving directory '/src/trafficserver/iocore/net'
Making install in aio
make[2]: Entering directory '/src/trafficserver/iocore/aio'
make[3]: Entering directory '/src/trafficserver/iocore/aio'
make[3]: Nothing to be done for 'install-exec-am'.
make[3]: Nothing to be done for 'install-data-am'.
make[3]: Leaving directory '/src/trafficserver/iocore/aio'
make[2]: Leaving directory '/src/trafficserver/iocore/aio'
Making install in dns
make[2]: Entering directory '/src/trafficserver/iocore/dns'
make[3]: Entering directory '/src/trafficserver/iocore/dns'
make[3]: Nothing to be done for 'install-exec-am'.
make[3]: Nothing to be done for 'install-data-am'.
make[3]: Leaving directory '/src/trafficserver/iocore/dns'
make[2]: Leaving directory '/src/trafficserver/iocore/dns'
Making install in hostdb
make[2]: Entering directory '/src/trafficserver/iocore/hostdb'
make[3]: Entering directory '/src/trafficserver/iocore/hostdb'
make[3]: Nothing to be done for 'install-exec-am'.
make[3]: Nothing to be done for 'install-data-am'.
make[3]: Leaving directory '/src/trafficserver/iocore/hostdb'
make[2]: Leaving directory '/src/trafficserver/iocore/hostdb'
Making install in utils
make[2]: Entering directory '/src/trafficserver/iocore/utils'
make[3]: Entering directory '/src/trafficserver/iocore/utils'
make[3]: Nothing to be done for 'install-exec-am'.
make[3]: Nothing to be done for 'install-data-am'.
make[3]: Leaving directory '/src/trafficserver/iocore/utils'
make[2]: Leaving directory '/src/trafficserver/iocore/utils'
Making install in cache
make[2]: Entering directory '/src/trafficserver/iocore/cache'
make[3]: Entering directory '/src/trafficserver/iocore/cache'
make[3]: Nothing to be done for 'install-exec-am'.
make[3]: Nothing to be done for 'install-data-am'.
make[3]: Leaving directory '/src/trafficserver/iocore/cache'
make[2]: Leaving directory '/src/trafficserver/iocore/cache'
make[2]: Entering directory '/src/trafficserver/iocore'
make[3]: Entering directory '/src/trafficserver/iocore'
make[3]: Nothing to be done for 'install-exec-am'.
make[3]: Nothing to be done for 'install-data-am'.
make[3]: Leaving directory '/src/trafficserver/iocore'
make[2]: Leaving directory '/src/trafficserver/iocore'
make[1]: Leaving directory '/src/trafficserver/iocore'
Making install in proxy
make[1]: Entering directory '/src/trafficserver/proxy'
Making install in hdrs
make[2]: Entering directory '/src/trafficserver/proxy/hdrs'
make[3]: Entering directory '/src/trafficserver/proxy/hdrs'
make[3]: Nothing to be done for 'install-exec-am'.
make[3]: Nothing to be done for 'install-data-am'.
make[3]: Leaving directory '/src/trafficserver/proxy/hdrs'
make[2]: Leaving directory '/src/trafficserver/proxy/hdrs'
Making install in shared
make[2]: Entering directory '/src/trafficserver/proxy/shared'
make[3]: Entering directory '/src/trafficserver/proxy/shared'
make[3]: Nothing to be done for 'install-exec-am'.
make[3]: Nothing to be done for 'install-data-am'.
make[3]: Leaving directory '/src/trafficserver/proxy/shared'
make[2]: Leaving directory '/src/trafficserver/proxy/shared'
Making install in http
make[2]: Entering directory '/src/trafficserver/proxy/http'
Making install in remap
make[3]: Entering directory '/src/trafficserver/proxy/http/remap'
make[4]: Entering directory '/src/trafficserver/proxy/http/remap'
 /usr/bin/mkdir -p '/usr/lib'
 /bin/bash ../../../libtool   --mode=install /usr/bin/install -c   unit-tests/plugin_v1.la unit-tests/plugin_v2.la unit-tests/plugin_init_fail.la unit-tests/plugin_instinit_fail.la unit-tests/plugin_required_cb.la unit-tests/plugin_missing_deleteinstance.la unit-tests/plugin_missing_doremap.la unit-tests/plugin_missing_init.la unit-tests/plugin_missing_newinstance.la unit-tests/plugin_testing_calls.la '/usr/lib'
libtool: install: /usr/bin/install -c unit-tests/.libs/plugin_v1.so /usr/lib/plugin_v1.so
libtool: install: /usr/bin/install -c unit-tests/.libs/plugin_v1.lai /usr/lib/plugin_v1.la
libtool: install: /usr/bin/install -c unit-tests/.libs/plugin_v2.so /usr/lib/plugin_v2.so
libtool: install: /usr/bin/install -c unit-tests/.libs/plugin_v2.lai /usr/lib/plugin_v2.la
libtool: install: /usr/bin/install -c unit-tests/.libs/plugin_init_fail.so /usr/lib/plugin_init_fail.so
libtool: install: /usr/bin/install -c unit-tests/.libs/plugin_init_fail.lai /usr/lib/plugin_init_fail.la
libtool: install: /usr/bin/install -c unit-tests/.libs/plugin_instinit_fail.so /usr/lib/plugin_instinit_fail.so
libtool: install: /usr/bin/install -c unit-tests/.libs/plugin_instinit_fail.lai /usr/lib/plugin_instinit_fail.la
libtool: install: /usr/bin/install -c unit-tests/.libs/plugin_required_cb.so /usr/lib/plugin_required_cb.so
libtool: install: /usr/bin/install -c unit-tests/.libs/plugin_required_cb.lai /usr/lib/plugin_required_cb.la
libtool: install: /usr/bin/install -c unit-tests/.libs/plugin_missing_deleteinstance.so /usr/lib/plugin_missing_deleteinstance.so
libtool: install: /usr/bin/install -c unit-tests/.libs/plugin_missing_deleteinstance.lai /usr/lib/plugin_missing_deleteinstance.la
libtool: install: /usr/bin/install -c unit-tests/.libs/plugin_missing_doremap.so /usr/lib/plugin_missing_doremap.so
libtool: install: /usr/bin/install -c unit-tests/.libs/plugin_missing_doremap.lai /usr/lib/plugin_missing_doremap.la
libtool: install: /usr/bin/install -c unit-tests/.libs/plugin_missing_init.so /usr/lib/plugin_missing_init.so
libtool: install: /usr/bin/install -c unit-tests/.libs/plugin_missing_init.lai /usr/lib/plugin_missing_init.la
libtool: install: /usr/bin/install -c unit-tests/.libs/plugin_missing_newinstance.so /usr/lib/plugin_missing_newinstance.so
libtool: install: /usr/bin/install -c unit-tests/.libs/plugin_missing_newinstance.lai /usr/lib/plugin_missing_newinstance.la
libtool: install: /usr/bin/install -c unit-tests/.libs/plugin_testing_calls.so /usr/lib/plugin_testing_calls.so
libtool: install: /usr/bin/install -c unit-tests/.libs/plugin_testing_calls.lai /usr/lib/plugin_testing_calls.la
libtool: finish: PATH="/src/.local/bin:/usr/local/sbin:/usr/local/bin:/usr/sbin:/usr/bin:/sbin:/bin:/sbin" ldconfig -n /usr/lib
----------------------------------------------------------------------
Libraries have been installed in:
   /usr/lib

If you ever happen to want to link against installed libraries
in a given directory, LIBDIR, you must either use libtool, and
specify the full pathname of the library, or use the '-LLIBDIR'
flag during linking and do at least one of the following:
   - add LIBDIR to the 'LD_LIBRARY_PATH' environment variable
     during execution
   - add LIBDIR to the 'LD_RUN_PATH' environment variable
     during linking
   - use the '-Wl,-rpath -Wl,LIBDIR' linker flag
   - have your system administrator add LIBDIR to '/etc/ld.so.conf'

See any operating system documentation about shared libraries for
more information, such as the ld(1) and ld.so(8) manual pages.
----------------------------------------------------------------------
make[4]: Nothing to be done for 'install-data-am'.
make[4]: Leaving directory '/src/trafficserver/proxy/http/remap'
make[3]: Leaving directory '/src/trafficserver/proxy/http/remap'
make[3]: Entering directory '/src/trafficserver/proxy/http'
make[4]: Entering directory '/src/trafficserver/proxy/http'
make[4]: Nothing to be done for 'install-exec-am'.
make[4]: Nothing to be done for 'install-data-am'.
make[4]: Leaving directory '/src/trafficserver/proxy/http'
make[3]: Leaving directory '/src/trafficserver/proxy/http'
make[2]: Leaving directory '/src/trafficserver/proxy/http'
Making install in http2
make[2]: Entering directory '/src/trafficserver/proxy/http2'
make[3]: Entering directory '/src/trafficserver/proxy/http2'
make[3]: Nothing to be done for 'install-exec-am'.
make[3]: Nothing to be done for 'install-data-am'.
make[3]: Leaving directory '/src/trafficserver/proxy/http2'
make[2]: Leaving directory '/src/trafficserver/proxy/http2'
Making install in logging
make[2]: Entering directory '/src/trafficserver/proxy/logging'
make[3]: Entering directory '/src/trafficserver/proxy/logging'
make[3]: Nothing to be done for 'install-exec-am'.
make[3]: Nothing to be done for 'install-data-am'.
make[3]: Leaving directory '/src/trafficserver/proxy/logging'
make[2]: Leaving directory '/src/trafficserver/proxy/logging'
make[2]: Entering directory '/src/trafficserver/proxy'
make[3]: Entering directory '/src/trafficserver/proxy'
make[3]: Nothing to be done for 'install-exec-am'.
if [ `id -un` != "root" ]; then \
	/usr/bin/install -c -d /usr/var /usr/var/log/trafficserver /usr/var/trafficserver \
			/usr/etc/trafficserver /usr/share/trafficserver /usr/var/trafficserver; \
else \
	 /usr/bin/install -c -d /usr/var; \
	 /usr/bin/install -c -d -o nobody -g nogroup /usr/var/log/trafficserver \
			/usr/var/trafficserver /usr/etc/trafficserver \
			/usr/share/trafficserver /usr/var/trafficserver; \
fi
make  install-data-hook
make[4]: Entering directory '/src/trafficserver/proxy'
if [ `id -un` == "root" ]; then \
	chown -R nobody:nogroup /usr/etc/trafficserver /usr/share/trafficserver;\
fi
echo "<TS_VERSION> 9.2.0" > /usr/etc/trafficserver/trafficserver-release
make[4]: Leaving directory '/src/trafficserver/proxy'
make[3]: Leaving directory '/src/trafficserver/proxy'
make[2]: Leaving directory '/src/trafficserver/proxy'
make[1]: Leaving directory '/src/trafficserver/proxy'
Making install in mgmt
make[1]: Entering directory '/src/trafficserver/mgmt'
Making install in utils
make[2]: Entering directory '/src/trafficserver/mgmt/utils'
make[3]: Entering directory '/src/trafficserver/mgmt/utils'
make[3]: Nothing to be done for 'install-exec-am'.
make[3]: Nothing to be done for 'install-data-am'.
make[3]: Leaving directory '/src/trafficserver/mgmt/utils'
make[2]: Leaving directory '/src/trafficserver/mgmt/utils'
Making install in api
make[2]: Entering directory '/src/trafficserver/mgmt/api'
Making install in include
make[3]: Entering directory '/src/trafficserver/mgmt/api/include'
make[4]: Entering directory '/src/trafficserver/mgmt/api/include'
make[4]: Nothing to be done for 'install-exec-am'.
 /usr/bin/mkdir -p '/usr/include/ts'
 /usr/bin/install -c -m 644 mgmtapi.h '/usr/include/ts'
make[4]: Leaving directory '/src/trafficserver/mgmt/api/include'
make[3]: Leaving directory '/src/trafficserver/mgmt/api/include'
make[3]: Entering directory '/src/trafficserver/mgmt/api'
make[4]: Entering directory '/src/trafficserver/mgmt/api'
 /usr/bin/mkdir -p '/usr/lib'
 /bin/bash ../../libtool   --mode=install /usr/bin/install -c   libtsmgmt.la '/usr/lib'
libtool: warning: relinking 'libtsmgmt.la'
libtool: install: (cd /src/trafficserver/mgmt/api; /bin/bash "/src/trafficserver/libtool"  --silent --tag CXX --mode=relink c++ -std=c++17 -g -pipe -Wall -Wextra -Wno-ignored-qualifiers -Wno-unused-parameter -Wno-format-truncation -Wno-cast-function-type -Wno-stringop-overflow -O3 -feliminate-unused-debug-symbols -fno-strict-aliasing -Wno-invalid-offsetof -Wno-noexcept-type -Wsuggest-override -mcx16 -rdynamic -Wl,--as-needed -no-undefined -version-info 11:0:2 -o libtsmgmt.la -rpath /usr/lib CoreAPIRemote.lo NetworkUtilsRemote.lo libmgmtapi.la ../../src/tscore/libtscore.la ../../mgmt/utils/libutils_p.la -lpthread -ldl )
libtool: install: /usr/bin/install -c .libs/libtsmgmt.so.9.2.0T /usr/lib/libtsmgmt.so.9.2.0
libtool: install: (cd /usr/lib && { ln -s -f libtsmgmt.so.9.2.0 libtsmgmt.so.9 || { rm -f libtsmgmt.so.9 && ln -s libtsmgmt.so.9.2.0 libtsmgmt.so.9; }; })
libtool: install: (cd /usr/lib && { ln -s -f libtsmgmt.so.9.2.0 libtsmgmt.so || { rm -f libtsmgmt.so && ln -s libtsmgmt.so.9.2.0 libtsmgmt.so; }; })
libtool: install: /usr/bin/install -c .libs/libtsmgmt.lai /usr/lib/libtsmgmt.la
libtool: finish: PATH="/src/.local/bin:/usr/local/sbin:/usr/local/bin:/usr/sbin:/usr/bin:/sbin:/bin:/sbin" ldconfig -n /usr/lib
----------------------------------------------------------------------
Libraries have been installed in:
   /usr/lib

If you ever happen to want to link against installed libraries
in a given directory, LIBDIR, you must either use libtool, and
specify the full pathname of the library, or use the '-LLIBDIR'
flag during linking and do at least one of the following:
   - add LIBDIR to the 'LD_LIBRARY_PATH' environment variable
     during execution
   - add LIBDIR to the 'LD_RUN_PATH' environment variable
     during linking
   - use the '-Wl,-rpath -Wl,LIBDIR' linker flag
   - have your system administrator add LIBDIR to '/etc/ld.so.conf'

See any operating system documentation about shared libraries for
more information, such as the ld(1) and ld.so(8) manual pages.
----------------------------------------------------------------------
make[4]: Nothing to be done for 'install-data-am'.
make[4]: Leaving directory '/src/trafficserver/mgmt/api'
make[3]: Leaving directory '/src/trafficserver/mgmt/api'
make[2]: Leaving directory '/src/trafficserver/mgmt/api'
make[2]: Entering directory '/src/trafficserver/mgmt'
make[3]: Entering directory '/src/trafficserver/mgmt'
make[3]: Nothing to be done for 'install-exec-am'.
make[3]: Nothing to be done for 'install-data-am'.
make[3]: Leaving directory '/src/trafficserver/mgmt'
make[2]: Leaving directory '/src/trafficserver/mgmt'
make[1]: Leaving directory '/src/trafficserver/mgmt'
Making install in src
make[1]: Entering directory '/src/trafficserver/src'
Making install in tscpp/api
make[2]: Entering directory '/src/trafficserver/src/tscpp/api'
make[3]: Entering directory '/src/trafficserver/src/tscpp/api'
 /usr/bin/mkdir -p '/usr/lib'
 /bin/bash ../../../libtool   --mode=install /usr/bin/install -c   libtscppapi.la '/usr/lib'
libtool: install: /usr/bin/install -c .libs/libtscppapi.so.9.2.0 /usr/lib/libtscppapi.so.9.2.0
libtool: install: (cd /usr/lib && { ln -s -f libtscppapi.so.9.2.0 libtscppapi.so.9 || { rm -f libtscppapi.so.9 && ln -s libtscppapi.so.9.2.0 libtscppapi.so.9; }; })
libtool: install: (cd /usr/lib && { ln -s -f libtscppapi.so.9.2.0 libtscppapi.so || { rm -f libtscppapi.so && ln -s libtscppapi.so.9.2.0 libtscppapi.so; }; })
libtool: install: /usr/bin/install -c .libs/libtscppapi.lai /usr/lib/libtscppapi.la
libtool: finish: PATH="/src/.local/bin:/usr/local/sbin:/usr/local/bin:/usr/sbin:/usr/bin:/sbin:/bin:/sbin" ldconfig -n /usr/lib
----------------------------------------------------------------------
Libraries have been installed in:
   /usr/lib

If you ever happen to want to link against installed libraries
in a given directory, LIBDIR, you must either use libtool, and
specify the full pathname of the library, or use the '-LLIBDIR'
flag during linking and do at least one of the following:
   - add LIBDIR to the 'LD_LIBRARY_PATH' environment variable
     during execution
   - add LIBDIR to the 'LD_RUN_PATH' environment variable
     during linking
   - use the '-Wl,-rpath -Wl,LIBDIR' linker flag
   - have your system administrator add LIBDIR to '/etc/ld.so.conf'

See any operating system documentation about shared libraries for
more information, such as the ld(1) and ld.so(8) manual pages.
----------------------------------------------------------------------
make[3]: Nothing to be done for 'install-data-am'.
make[3]: Leaving directory '/src/trafficserver/src/tscpp/api'
make[2]: Leaving directory '/src/trafficserver/src/tscpp/api'
make[2]: Entering directory '/src/trafficserver/src'
make[3]: Entering directory '/src/trafficserver/src'
 /usr/bin/mkdir -p '/usr/bin'
  /bin/bash ../libtool   --mode=install /usr/bin/install -c traffic_cache_tool/traffic_cache_tool traffic_via/traffic_via traffic_top/traffic_top traffic_manager/traffic_manager traffic_server/traffic_server traffic_logstats/traffic_logstats traffic_crashlog/traffic_crashlog traffic_ctl/traffic_ctl traffic_layout/traffic_layout traffic_logcat/traffic_logcat '/usr/bin'
libtool: install: /usr/bin/install -c traffic_cache_tool/traffic_cache_tool /usr/bin/traffic_cache_tool
libtool: install: /usr/bin/install -c traffic_via/.libs/traffic_via /usr/bin/traffic_via
libtool: install: /usr/bin/install -c traffic_top/.libs/traffic_top /usr/bin/traffic_top
libtool: install: /usr/bin/install -c traffic_manager/.libs/traffic_manager /usr/bin/traffic_manager
libtool: install: /usr/bin/install -c traffic_server/.libs/traffic_server /usr/bin/traffic_server
libtool: install: /usr/bin/install -c traffic_logstats/.libs/traffic_logstats /usr/bin/traffic_logstats
libtool: install: /usr/bin/install -c traffic_crashlog/.libs/traffic_crashlog /usr/bin/traffic_crashlog
libtool: install: /usr/bin/install -c traffic_ctl/.libs/traffic_ctl /usr/bin/traffic_ctl
libtool: install: /usr/bin/install -c traffic_layout/.libs/traffic_layout /usr/bin/traffic_layout
libtool: install: /usr/bin/install -c traffic_logcat/.libs/traffic_logcat /usr/bin/traffic_logcat
make[3]: Nothing to be done for 'install-data-am'.
make[3]: Leaving directory '/src/trafficserver/src'
make[2]: Leaving directory '/src/trafficserver/src'
make[1]: Leaving directory '/src/trafficserver/src'
Making install in plugins
make[1]: Entering directory '/src/trafficserver/plugins'
make[2]: Entering directory '/src/trafficserver/plugins'
make[3]: Entering directory '/src/trafficserver/plugins'
 /usr/bin/mkdir -p '/usr/libexec/trafficserver'
 /bin/bash ../libtool   --mode=install /usr/bin/install -c   authproxy/authproxy.la background_fetch/background_fetch.la cachekey/cachekey.la cache_promote/cache_promote.la cache_range_requests/cache_range_requests.la certifier/certifier.la conf_remap/conf_remap.la escalate/escalate.la esi/esi.la esi/combo_handler.la generator/generator.la compress/compress.la header_rewrite/header_rewrite.la healthchecks/healthchecks.la libloader/libloader.la lua/tslua.la multiplexer/multiplexer.la prefetch/prefetch.la regex_remap/regex_remap.la regex_revalidate/regex_revalidate.la remap_purge/remap_purge.la s3_auth/s3_auth.la server_push_preload/server_push_preload.la stats_over_http/stats_over_http.la tcpinfo/tcpinfo.la xdebug/xdebug.la experimental/access_control/access_control.la experimental/acme/acme.la experimental/cache_fill/cache_fill.la experimental/cert_reporting_tool/cert_reporting_tool.la experimental/collapsed_forwarding/collapsed_forwarding.la experimental/cookie_remap/cookie_remap.la experimental/custom_redirect/custom_redirect.la experimental/fq_pacing/fq_pacing.la experimental/geoip_acl/geoip_acl.la experimental/header_freq/header_freq.la experimental/parent_select/parent_select.la experimental/hook-trace/hook-trace.la experimental/http_stats/http_stats.la experimental/icap/icap.la experimental/inliner/inliner.la experimental/maxmind_acl/maxmind_acl.la experimental/memcache/tsmemcache.la experimental/memory_profile/memory_profile.la experimental/metalink/metalink.la experimental/money_trace/money_trace.la experimental/mp4/mp4.la experimental/rate_limit/rate_limit.la experimental/redo_cache_lookup/redo_cache_lookup.la experimental/remap_stats/remap_stats.la experimental/slice/slice.la experimental/sslheaders/sslheaders.la experimental/statichit/statichit.la experimental/stream_editor/stream_editor.la experimental/system_stats/system_stats.la experimental/traffic_dump/traffic_dump.la experimental/tls_bridge/tls_bridge.la experimental/url_sig/url_sig.la experimental/ja3_fingerprint/ja3_fingerprint.la experimental/uri_signing/uri_signing.la experimental/ssl_session_reuse/ssl_session_reuse.la experimental/cache_key_genid/cache_key_genid.la experimental/mysql_remap/mysql_remap.la '/usr/libexec/trafficserver'
libtool: install: /usr/bin/install -c authproxy/.libs/authproxy.so /usr/libexec/trafficserver/authproxy.so
libtool: install: /usr/bin/install -c authproxy/.libs/authproxy.lai /usr/libexec/trafficserver/authproxy.la
libtool: install: /usr/bin/install -c background_fetch/.libs/background_fetch.so /usr/libexec/trafficserver/background_fetch.so
libtool: install: /usr/bin/install -c background_fetch/.libs/background_fetch.lai /usr/libexec/trafficserver/background_fetch.la
libtool: install: /usr/bin/install -c cachekey/.libs/cachekey.so /usr/libexec/trafficserver/cachekey.so
libtool: install: /usr/bin/install -c cachekey/.libs/cachekey.lai /usr/libexec/trafficserver/cachekey.la
libtool: install: /usr/bin/install -c cache_promote/.libs/cache_promote.so /usr/libexec/trafficserver/cache_promote.so
libtool: install: /usr/bin/install -c cache_promote/.libs/cache_promote.lai /usr/libexec/trafficserver/cache_promote.la
libtool: install: /usr/bin/install -c cache_range_requests/.libs/cache_range_requests.so /usr/libexec/trafficserver/cache_range_requests.so
libtool: install: /usr/bin/install -c cache_range_requests/.libs/cache_range_requests.lai /usr/libexec/trafficserver/cache_range_requests.la
libtool: install: /usr/bin/install -c certifier/.libs/certifier.so /usr/libexec/trafficserver/certifier.so
libtool: install: /usr/bin/install -c certifier/.libs/certifier.lai /usr/libexec/trafficserver/certifier.la
libtool: install: /usr/bin/install -c conf_remap/.libs/conf_remap.so /usr/libexec/trafficserver/conf_remap.so
libtool: install: /usr/bin/install -c conf_remap/.libs/conf_remap.lai /usr/libexec/trafficserver/conf_remap.la
libtool: install: /usr/bin/install -c escalate/.libs/escalate.so /usr/libexec/trafficserver/escalate.so
libtool: install: /usr/bin/install -c escalate/.libs/escalate.lai /usr/libexec/trafficserver/escalate.la
libtool: install: /usr/bin/install -c esi/.libs/esi.so /usr/libexec/trafficserver/esi.so
libtool: install: /usr/bin/install -c esi/.libs/esi.lai /usr/libexec/trafficserver/esi.la
libtool: install: /usr/bin/install -c esi/.libs/combo_handler.so /usr/libexec/trafficserver/combo_handler.so
libtool: install: /usr/bin/install -c esi/.libs/combo_handler.lai /usr/libexec/trafficserver/combo_handler.la
libtool: install: /usr/bin/install -c generator/.libs/generator.so /usr/libexec/trafficserver/generator.so
libtool: install: /usr/bin/install -c generator/.libs/generator.lai /usr/libexec/trafficserver/generator.la
libtool: install: /usr/bin/install -c compress/.libs/compress.so /usr/libexec/trafficserver/compress.so
libtool: install: /usr/bin/install -c compress/.libs/compress.lai /usr/libexec/trafficserver/compress.la
libtool: install: /usr/bin/install -c header_rewrite/.libs/header_rewrite.so /usr/libexec/trafficserver/header_rewrite.so
libtool: install: /usr/bin/install -c header_rewrite/.libs/header_rewrite.lai /usr/libexec/trafficserver/header_rewrite.la
libtool: install: /usr/bin/install -c healthchecks/.libs/healthchecks.so /usr/libexec/trafficserver/healthchecks.so
libtool: install: /usr/bin/install -c healthchecks/.libs/healthchecks.lai /usr/libexec/trafficserver/healthchecks.la
libtool: install: /usr/bin/install -c libloader/.libs/libloader.so /usr/libexec/trafficserver/libloader.so
libtool: install: /usr/bin/install -c libloader/.libs/libloader.lai /usr/libexec/trafficserver/libloader.la
libtool: install: /usr/bin/install -c lua/.libs/tslua.so /usr/libexec/trafficserver/tslua.so
libtool: install: /usr/bin/install -c lua/.libs/tslua.lai /usr/libexec/trafficserver/tslua.la
libtool: install: /usr/bin/install -c multiplexer/.libs/multiplexer.so /usr/libexec/trafficserver/multiplexer.so
libtool: install: /usr/bin/install -c multiplexer/.libs/multiplexer.lai /usr/libexec/trafficserver/multiplexer.la
libtool: install: /usr/bin/install -c prefetch/.libs/prefetch.so /usr/libexec/trafficserver/prefetch.so
libtool: install: /usr/bin/install -c prefetch/.libs/prefetch.lai /usr/libexec/trafficserver/prefetch.la
libtool: install: /usr/bin/install -c regex_remap/.libs/regex_remap.so /usr/libexec/trafficserver/regex_remap.so
libtool: install: /usr/bin/install -c regex_remap/.libs/regex_remap.lai /usr/libexec/trafficserver/regex_remap.la
libtool: install: /usr/bin/install -c regex_revalidate/.libs/regex_revalidate.so /usr/libexec/trafficserver/regex_revalidate.so
libtool: install: /usr/bin/install -c regex_revalidate/.libs/regex_revalidate.lai /usr/libexec/trafficserver/regex_revalidate.la
libtool: install: /usr/bin/install -c remap_purge/.libs/remap_purge.so /usr/libexec/trafficserver/remap_purge.so
libtool: install: /usr/bin/install -c remap_purge/.libs/remap_purge.lai /usr/libexec/trafficserver/remap_purge.la
libtool: install: /usr/bin/install -c s3_auth/.libs/s3_auth.so /usr/libexec/trafficserver/s3_auth.so
libtool: install: /usr/bin/install -c s3_auth/.libs/s3_auth.lai /usr/libexec/trafficserver/s3_auth.la
libtool: warning: relinking 'server_push_preload/server_push_preload.la'
libtool: install: (cd /src/trafficserver/plugins; /bin/bash "/src/trafficserver/libtool"  --silent --tag CXX --mode=relink c++ -std=c++17 -g -pipe -Wall -Wextra -Wno-ignored-qualifiers -Wno-unused-parameter -Wno-format-truncation -Wno-cast-function-type -Wno-stringop-overflow -O3 -feliminate-unused-debug-symbols -fno-strict-aliasing -Wno-invalid-offsetof -Wno-noexcept-type -Wsuggest-override -mcx16 -rdynamic -Wl,--as-needed -module -shared -avoid-version -export-symbols-regex "^(TSRemapInit|TSRemapDone|TSRemapDoRemap|TSRemapNewInstance|TSRemapDeleteInstance|TSRemapOSResponse|TSPluginInit|TSRemapPreConfigReload|TSRemapPostConfigReload)\$" -o server_push_preload/server_push_preload.la -rpath /usr/libexec/trafficserver server_push_preload/server_push_preload.lo ../src/tscpp/api/libtscppapi.la -lpthread -ldl )
libtool: install: /usr/bin/install -c server_push_preload/.libs/server_push_preload.soT /usr/libexec/trafficserver/server_push_preload.so
libtool: install: /usr/bin/install -c server_push_preload/.libs/server_push_preload.lai /usr/libexec/trafficserver/server_push_preload.la
libtool: install: /usr/bin/install -c stats_over_http/.libs/stats_over_http.so /usr/libexec/trafficserver/stats_over_http.so
libtool: install: /usr/bin/install -c stats_over_http/.libs/stats_over_http.lai /usr/libexec/trafficserver/stats_over_http.la
libtool: install: /usr/bin/install -c tcpinfo/.libs/tcpinfo.so /usr/libexec/trafficserver/tcpinfo.so
libtool: install: /usr/bin/install -c tcpinfo/.libs/tcpinfo.lai /usr/libexec/trafficserver/tcpinfo.la
libtool: install: /usr/bin/install -c xdebug/.libs/xdebug.so /usr/libexec/trafficserver/xdebug.so
libtool: install: /usr/bin/install -c xdebug/.libs/xdebug.lai /usr/libexec/trafficserver/xdebug.la
libtool: install: /usr/bin/install -c experimental/access_control/.libs/access_control.so /usr/libexec/trafficserver/access_control.so
libtool: install: /usr/bin/install -c experimental/access_control/.libs/access_control.lai /usr/libexec/trafficserver/access_control.la
libtool: install: /usr/bin/install -c experimental/acme/.libs/acme.so /usr/libexec/trafficserver/acme.so
libtool: install: /usr/bin/install -c experimental/acme/.libs/acme.lai /usr/libexec/trafficserver/acme.la
libtool: install: /usr/bin/install -c experimental/cache_fill/.libs/cache_fill.so /usr/libexec/trafficserver/cache_fill.so
libtool: install: /usr/bin/install -c experimental/cache_fill/.libs/cache_fill.lai /usr/libexec/trafficserver/cache_fill.la
libtool: install: /usr/bin/install -c experimental/cert_reporting_tool/.libs/cert_reporting_tool.so /usr/libexec/trafficserver/cert_reporting_tool.so
libtool: install: /usr/bin/install -c experimental/cert_reporting_tool/.libs/cert_reporting_tool.lai /usr/libexec/trafficserver/cert_reporting_tool.la
libtool: install: /usr/bin/install -c experimental/collapsed_forwarding/.libs/collapsed_forwarding.so /usr/libexec/trafficserver/collapsed_forwarding.so
libtool: install: /usr/bin/install -c experimental/collapsed_forwarding/.libs/collapsed_forwarding.lai /usr/libexec/trafficserver/collapsed_forwarding.la
libtool: install: /usr/bin/install -c experimental/cookie_remap/.libs/cookie_remap.so /usr/libexec/trafficserver/cookie_remap.so
libtool: install: /usr/bin/install -c experimental/cookie_remap/.libs/cookie_remap.lai /usr/libexec/trafficserver/cookie_remap.la
libtool: install: /usr/bin/install -c experimental/custom_redirect/.libs/custom_redirect.so /usr/libexec/trafficserver/custom_redirect.so
libtool: install: /usr/bin/install -c experimental/custom_redirect/.libs/custom_redirect.lai /usr/libexec/trafficserver/custom_redirect.la
libtool: install: /usr/bin/install -c experimental/fq_pacing/.libs/fq_pacing.so /usr/libexec/trafficserver/fq_pacing.so
libtool: install: /usr/bin/install -c experimental/fq_pacing/.libs/fq_pacing.lai /usr/libexec/trafficserver/fq_pacing.la
libtool: install: /usr/bin/install -c experimental/geoip_acl/.libs/geoip_acl.so /usr/libexec/trafficserver/geoip_acl.so
libtool: install: /usr/bin/install -c experimental/geoip_acl/.libs/geoip_acl.lai /usr/libexec/trafficserver/geoip_acl.la
libtool: install: /usr/bin/install -c experimental/header_freq/.libs/header_freq.so /usr/libexec/trafficserver/header_freq.so
libtool: install: /usr/bin/install -c experimental/header_freq/.libs/header_freq.lai /usr/libexec/trafficserver/header_freq.la
libtool: install: /usr/bin/install -c experimental/parent_select/.libs/parent_select.so /usr/libexec/trafficserver/parent_select.so
libtool: install: /usr/bin/install -c experimental/parent_select/.libs/parent_select.lai /usr/libexec/trafficserver/parent_select.la
libtool: install: /usr/bin/install -c experimental/hook-trace/.libs/hook-trace.so /usr/libexec/trafficserver/hook-trace.so
libtool: install: /usr/bin/install -c experimental/hook-trace/.libs/hook-trace.lai /usr/libexec/trafficserver/hook-trace.la
libtool: install: /usr/bin/install -c experimental/http_stats/.libs/http_stats.so /usr/libexec/trafficserver/http_stats.so
libtool: install: /usr/bin/install -c experimental/http_stats/.libs/http_stats.lai /usr/libexec/trafficserver/http_stats.la
libtool: install: /usr/bin/install -c experimental/icap/.libs/icap.so /usr/libexec/trafficserver/icap.so
libtool: install: /usr/bin/install -c experimental/icap/.libs/icap.lai /usr/libexec/trafficserver/icap.la
libtool: install: /usr/bin/install -c experimental/inliner/.libs/inliner.so /usr/libexec/trafficserver/inliner.so
libtool: install: /usr/bin/install -c experimental/inliner/.libs/inliner.lai /usr/libexec/trafficserver/inliner.la
libtool: install: /usr/bin/install -c experimental/maxmind_acl/.libs/maxmind_acl.so /usr/libexec/trafficserver/maxmind_acl.so
libtool: install: /usr/bin/install -c experimental/maxmind_acl/.libs/maxmind_acl.lai /usr/libexec/trafficserver/maxmind_acl.la
libtool: install: /usr/bin/install -c experimental/memcache/.libs/tsmemcache.so /usr/libexec/trafficserver/tsmemcache.so
libtool: install: /usr/bin/install -c experimental/memcache/.libs/tsmemcache.lai /usr/libexec/trafficserver/tsmemcache.la
libtool: install: /usr/bin/install -c experimental/memory_profile/.libs/memory_profile.so /usr/libexec/trafficserver/memory_profile.so
libtool: install: /usr/bin/install -c experimental/memory_profile/.libs/memory_profile.lai /usr/libexec/trafficserver/memory_profile.la
libtool: install: /usr/bin/install -c experimental/metalink/.libs/metalink.so /usr/libexec/trafficserver/metalink.so
libtool: install: /usr/bin/install -c experimental/metalink/.libs/metalink.lai /usr/libexec/trafficserver/metalink.la
libtool: install: /usr/bin/install -c experimental/money_trace/.libs/money_trace.so /usr/libexec/trafficserver/money_trace.so
libtool: install: /usr/bin/install -c experimental/money_trace/.libs/money_trace.lai /usr/libexec/trafficserver/money_trace.la
libtool: install: /usr/bin/install -c experimental/mp4/.libs/mp4.so /usr/libexec/trafficserver/mp4.so
libtool: install: /usr/bin/install -c experimental/mp4/.libs/mp4.lai /usr/libexec/trafficserver/mp4.la
libtool: install: /usr/bin/install -c experimental/rate_limit/.libs/rate_limit.so /usr/libexec/trafficserver/rate_limit.so
libtool: install: /usr/bin/install -c experimental/rate_limit/.libs/rate_limit.lai /usr/libexec/trafficserver/rate_limit.la
libtool: warning: relinking 'experimental/redo_cache_lookup/redo_cache_lookup.la'
libtool: install: (cd /src/trafficserver/plugins; /bin/bash "/src/trafficserver/libtool"  --silent --tag CXX --mode=relink c++ -std=c++17 -g -pipe -Wall -Wextra -Wno-ignored-qualifiers -Wno-unused-parameter -Wno-format-truncation -Wno-cast-function-type -Wno-stringop-overflow -O3 -feliminate-unused-debug-symbols -fno-strict-aliasing -Wno-invalid-offsetof -Wno-noexcept-type -Wsuggest-override -mcx16 -rdynamic -Wl,--as-needed -module -shared -avoid-version -export-symbols-regex "^(TSRemapInit|TSRemapDone|TSRemapDoRemap|TSRemapNewInstance|TSRemapDeleteInstance|TSRemapOSResponse|TSPluginInit|TSRemapPreConfigReload|TSRemapPostConfigReload)\$" -o experimental/redo_cache_lookup/redo_cache_lookup.la -rpath /usr/libexec/trafficserver experimental/redo_cache_lookup/redo_cache_lookup.lo ../src/tscpp/api/libtscppapi.la -lpthread -ldl )
libtool: install: /usr/bin/install -c experimental/redo_cache_lookup/.libs/redo_cache_lookup.soT /usr/libexec/trafficserver/redo_cache_lookup.so
libtool: install: /usr/bin/install -c experimental/redo_cache_lookup/.libs/redo_cache_lookup.lai /usr/libexec/trafficserver/redo_cache_lookup.la
libtool: install: /usr/bin/install -c experimental/remap_stats/.libs/remap_stats.so /usr/libexec/trafficserver/remap_stats.so
libtool: install: /usr/bin/install -c experimental/remap_stats/.libs/remap_stats.lai /usr/libexec/trafficserver/remap_stats.la
libtool: install: /usr/bin/install -c experimental/slice/.libs/slice.so /usr/libexec/trafficserver/slice.so
libtool: install: /usr/bin/install -c experimental/slice/.libs/slice.lai /usr/libexec/trafficserver/slice.la
libtool: install: /usr/bin/install -c experimental/sslheaders/.libs/sslheaders.so /usr/libexec/trafficserver/sslheaders.so
libtool: install: /usr/bin/install -c experimental/sslheaders/.libs/sslheaders.lai /usr/libexec/trafficserver/sslheaders.la
libtool: install: /usr/bin/install -c experimental/statichit/.libs/statichit.so /usr/libexec/trafficserver/statichit.so
libtool: install: /usr/bin/install -c experimental/statichit/.libs/statichit.lai /usr/libexec/trafficserver/statichit.la
libtool: install: /usr/bin/install -c experimental/stream_editor/.libs/stream_editor.so /usr/libexec/trafficserver/stream_editor.so
libtool: install: /usr/bin/install -c experimental/stream_editor/.libs/stream_editor.lai /usr/libexec/trafficserver/stream_editor.la
libtool: install: /usr/bin/install -c experimental/system_stats/.libs/system_stats.so /usr/libexec/trafficserver/system_stats.so
libtool: install: /usr/bin/install -c experimental/system_stats/.libs/system_stats.lai /usr/libexec/trafficserver/system_stats.la
libtool: install: /usr/bin/install -c experimental/traffic_dump/.libs/traffic_dump.so /usr/libexec/trafficserver/traffic_dump.so
libtool: install: /usr/bin/install -c experimental/traffic_dump/.libs/traffic_dump.lai /usr/libexec/trafficserver/traffic_dump.la
libtool: install: /usr/bin/install -c experimental/tls_bridge/.libs/tls_bridge.so /usr/libexec/trafficserver/tls_bridge.so
libtool: install: /usr/bin/install -c experimental/tls_bridge/.libs/tls_bridge.lai /usr/libexec/trafficserver/tls_bridge.la
libtool: install: /usr/bin/install -c experimental/url_sig/.libs/url_sig.so /usr/libexec/trafficserver/url_sig.so
libtool: install: /usr/bin/install -c experimental/url_sig/.libs/url_sig.lai /usr/libexec/trafficserver/url_sig.la
libtool: install: /usr/bin/install -c experimental/ja3_fingerprint/.libs/ja3_fingerprint.so /usr/libexec/trafficserver/ja3_fingerprint.so
libtool: install: /usr/bin/install -c experimental/ja3_fingerprint/.libs/ja3_fingerprint.lai /usr/libexec/trafficserver/ja3_fingerprint.la
libtool: install: /usr/bin/install -c experimental/uri_signing/.libs/uri_signing.so /usr/libexec/trafficserver/uri_signing.so
libtool: install: /usr/bin/install -c experimental/uri_signing/.libs/uri_signing.lai /usr/libexec/trafficserver/uri_signing.la
libtool: install: /usr/bin/install -c experimental/ssl_session_reuse/.libs/ssl_session_reuse.so /usr/libexec/trafficserver/ssl_session_reuse.so
libtool: install: /usr/bin/install -c experimental/ssl_session_reuse/.libs/ssl_session_reuse.lai /usr/libexec/trafficserver/ssl_session_reuse.la
libtool: install: /usr/bin/install -c experimental/cache_key_genid/.libs/cache_key_genid.so /usr/libexec/trafficserver/cache_key_genid.so
libtool: install: /usr/bin/install -c experimental/cache_key_genid/.libs/cache_key_genid.lai /usr/libexec/trafficserver/cache_key_genid.la
libtool: install: /usr/bin/install -c experimental/mysql_remap/.libs/mysql_remap.so /usr/libexec/trafficserver/mysql_remap.so
libtool: install: /usr/bin/install -c experimental/mysql_remap/.libs/mysql_remap.lai /usr/libexec/trafficserver/mysql_remap.la
libtool: finish: PATH="/src/.local/bin:/usr/local/sbin:/usr/local/bin:/usr/sbin:/usr/bin:/sbin:/bin:/sbin" ldconfig -n /usr/libexec/trafficserver
----------------------------------------------------------------------
Libraries have been installed in:
   /usr/libexec/trafficserver

If you ever happen to want to link against installed libraries
in a given directory, LIBDIR, you must either use libtool, and
specify the full pathname of the library, or use the '-LLIBDIR'
flag during linking and do at least one of the following:
   - add LIBDIR to the 'LD_LIBRARY_PATH' environment variable
     during execution
   - add LIBDIR to the 'LD_RUN_PATH' environment variable
     during linking
   - use the '-Wl,-rpath -Wl,LIBDIR' linker flag
   - have your system administrator add LIBDIR to '/etc/ld.so.conf'

See any operating system documentation about shared libraries for
more information, such as the ld(1) and ld.so(8) manual pages.
----------------------------------------------------------------------
make[3]: Nothing to be done for 'install-data-am'.
make[3]: Leaving directory '/src/trafficserver/plugins'
make[2]: Leaving directory '/src/trafficserver/plugins'
make[1]: Leaving directory '/src/trafficserver/plugins'
Making install in tools
make[1]: Entering directory '/src/trafficserver/tools'
make[2]: Entering directory '/src/trafficserver/tools'
 /usr/bin/mkdir -p '/usr/bin'
 /usr/bin/install -c tsxs tspush '/usr/bin'
 /usr/bin/mkdir -p '/usr/lib/pkgconfig'
 /usr/bin/install -c -m 644 trafficserver.pc '/usr/lib/pkgconfig'
make[2]: Leaving directory '/src/trafficserver/tools'
make[1]: Leaving directory '/src/trafficserver/tools'
Making install in example
make[1]: Entering directory '/src/trafficserver/example'
Making install in plugins
make[2]: Entering directory '/src/trafficserver/example/plugins'
Making install in c-api
make[3]: Entering directory '/src/trafficserver/example/plugins/c-api'
make[4]: Entering directory '/src/trafficserver/example/plugins/c-api'
make[4]: Nothing to be done for 'install-data-am'.
make[4]: Leaving directory '/src/trafficserver/example/plugins/c-api'
make[3]: Leaving directory '/src/trafficserver/example/plugins/c-api'
Making install in cpp-api
make[3]: Entering directory '/src/trafficserver/example/plugins/cpp-api'
make[4]: Entering directory '/src/trafficserver/example/plugins/cpp-api'
make[4]: Nothing to be done for 'install-data-am'.
make[4]: Leaving directory '/src/trafficserver/example/plugins/cpp-api'
make[3]: Leaving directory '/src/trafficserver/example/plugins/cpp-api'
make[3]: Entering directory '/src/trafficserver/example/plugins'
make[4]: Entering directory '/src/trafficserver/example/plugins'
make[4]: Nothing to be done for 'install-exec-am'.
make[4]: Nothing to be done for 'install-data-am'.
make[4]: Leaving directory '/src/trafficserver/example/plugins'
make[3]: Leaving directory '/src/trafficserver/example/plugins'
make[2]: Leaving directory '/src/trafficserver/example/plugins'
make[2]: Entering directory '/src/trafficserver/example'
make[3]: Entering directory '/src/trafficserver/example'
make[3]: Nothing to be done for 'install-exec-am'.
make[3]: Nothing to be done for 'install-data-am'.
make[3]: Leaving directory '/src/trafficserver/example'
make[2]: Leaving directory '/src/trafficserver/example'
make[1]: Leaving directory '/src/trafficserver/example'
Making install in rc
make[1]: Entering directory '/src/trafficserver/rc'
make[2]: Entering directory '/src/trafficserver/rc'
 /usr/bin/mkdir -p '/usr/bin'
 /usr/bin/install -c trafficserver '/usr/bin'
make[2]: Nothing to be done for 'install-data-am'.
make[2]: Leaving directory '/src/trafficserver/rc'
make[1]: Leaving directory '/src/trafficserver/rc'
Making install in configs
make[1]: Entering directory '/src/trafficserver/configs'
Making install in body_factory
make[2]: Entering directory '/src/trafficserver/configs/body_factory'
Making install in default
make[3]: Entering directory '/src/trafficserver/configs/body_factory/default'
make[4]: Entering directory '/src/trafficserver/configs/body_factory/default'
make[4]: Nothing to be done for 'install-exec-am'.
 /usr/bin/mkdir -p '/usr/etc/trafficserver/body_factory/default'
 /usr/bin/install -c -m 644 access#denied access#proxy_auth_required access#ssl_forbidden .body_factory_info cache#not_in_cache cache#read_error connect#dns_failed connect#failed_connect connect#hangup default interception#no_host README redirect#moved_temporarily redirect#moved_permanently request#cycle_detected request#no_content_length request#invalid_content_length request#no_host request#scheme_unsupported request#syntax_error response#bad_response response#bad_version timeout#activity timeout#inactivity transcoding#unsupported urlrouting#no_mapping request#uri_len_too_long '/usr/etc/trafficserver/body_factory/default'
make[4]: Leaving directory '/src/trafficserver/configs/body_factory/default'
make[3]: Leaving directory '/src/trafficserver/configs/body_factory/default'
make[3]: Entering directory '/src/trafficserver/configs/body_factory'
make[4]: Entering directory '/src/trafficserver/configs/body_factory'
make[4]: Nothing to be done for 'install-exec-am'.
make[4]: Nothing to be done for 'install-data-am'.
make[4]: Leaving directory '/src/trafficserver/configs/body_factory'
make[3]: Leaving directory '/src/trafficserver/configs/body_factory'
make[2]: Leaving directory '/src/trafficserver/configs/body_factory'
make[2]: Entering directory '/src/trafficserver/configs'
make[3]: Entering directory '/src/trafficserver/configs'
 /usr/bin/mkdir -p '/usr/etc/trafficserver'
 /usr/bin/install -c -m 644 cache.config.default hosting.config.default ip_allow.yaml.default logging.yaml.default parent.config.default plugin.config.default remap.config.default sni.yaml.default socks.config.default splitdns.config.default ssl_multicert.config.default strategies.yaml.default volume.config.default '/usr/etc/trafficserver'
 /usr/bin/mkdir -p '/usr/etc/trafficserver'
 /usr/bin/install -c -m 644 records.config.default storage.config.default '/usr/etc/trafficserver'
make  install-exec-hook
make[4]: Entering directory '/src/trafficserver/configs'
for dfltcfgfile in cache.config.default hosting.config.default ip_allow.yaml.default logging.yaml.default parent.config.default plugin.config.default remap.config.default sni.yaml.default socks.config.default splitdns.config.default ssl_multicert.config.default strategies.yaml.default volume.config.default records.config.default storage.config.default ; \
do \
	cfgfile=`echo $dfltcfgfile | sed 's/\.default$//'` ; \
	test -f //usr/etc/trafficserver/$cfgfile || mv //usr/etc/trafficserver/$dfltcfgfile //usr/etc/trafficserver/$cfgfile ; \
done
make[4]: Leaving directory '/src/trafficserver/configs'
make[3]: Nothing to be done for 'install-data-am'.
make[3]: Leaving directory '/src/trafficserver/configs'
make[2]: Leaving directory '/src/trafficserver/configs'
make[1]: Leaving directory '/src/trafficserver/configs'
Making install in tests
make[1]: Entering directory '/src/trafficserver/tests'
make[2]: Entering directory '/src/trafficserver/tests'
make[3]: Entering directory '/src/trafficserver/tests'
make[3]: Nothing to be done for 'install-exec-am'.
make[3]: Nothing to be done for 'install-data-am'.
make[3]: Leaving directory '/src/trafficserver/tests'
make[2]: Leaving directory '/src/trafficserver/tests'
make[1]: Leaving directory '/src/trafficserver/tests'
make[1]: Entering directory '/src/trafficserver'
make[2]: Entering directory '/src/trafficserver'
make[2]: Nothing to be done for 'install-exec-am'.
make  install-data-hook
make[3]: Entering directory '/src/trafficserver'
make[3]: Nothing to be done for 'install-data-hook'.
make[3]: Leaving directory '/src/trafficserver'
make[2]: Leaving directory '/src/trafficserver'
make[1]: Leaving directory '/src/trafficserver'
