Making all in include
make[1]: Entering directory '/src/trafficserver/include'
make  all-recursive
make[2]: Entering directory '/src/trafficserver/include'
Making all in ts
make[3]: Entering directory '/src/trafficserver/include/ts'
make[3]: Nothing to be done for 'all'.
make[3]: Leaving directory '/src/trafficserver/include/ts'
Making all in tscpp/api
make[3]: Entering directory '/src/trafficserver/include/tscpp/api'
make[3]: Nothing to be done for 'all'.
make[3]: Leaving directory '/src/trafficserver/include/tscpp/api'
Making all in tscpp/util
make[3]: Entering directory '/src/trafficserver/include/tscpp/util'
make[3]: Nothing to be done for 'all'.
make[3]: Leaving directory '/src/trafficserver/include/tscpp/util'
make[3]: Entering directory '/src/trafficserver/include'
make[3]: Nothing to be done for 'all-am'.
make[3]: Leaving directory '/src/trafficserver/include'
make[2]: Leaving directory '/src/trafficserver/include'
make[1]: Leaving directory '/src/trafficserver/include'
Making all in lib
make[1]: Entering directory '/src/trafficserver/lib'
Making all in .
make[2]: Entering directory '/src/trafficserver/lib'
make -C yamlcpp
make[3]: Entering directory '/src/trafficserver/lib/yamlcpp'
  CXX      src/binary.lo
  CXX      src/convert.lo
  CXX      src/depthguard.lo
  CXX      src/directives.lo
  CXX      src/emit.lo
  CXX      src/emitfromevents.lo
  CXX      src/emitter.lo
  CXX      src/emitterstate.lo
  CXX      src/emitterutils.lo
  CXX      src/exceptions.lo
  CXX      src/exp.lo
  CXX      src/node.lo
  CXX      src/memory.lo
  CXX      src/node_data.lo
  CXX      src/nodebuilder.lo
  CXX      src/null.lo
  CXX      src/ostream_wrapper.lo
  CXX      src/nodeevents.lo
  CXX      src/parser.lo
  CXX      src/parse.lo
  CXX      src/regex_yaml.lo
  CXX      src/scanner.lo
  CXX      src/scanscalar.lo
  CXX      src/scantag.lo
  CXX      src/scantoken.lo
  CXX      src/simplekey.lo
  CXX      src/singledocparser.lo
  CXX      src/stream.lo
  CXX      src/tag.lo
  CXXLD    libyamlcpp.la
make[3]: Leaving directory '/src/trafficserver/lib/yamlcpp'
make -C swoc
make[3]: Entering directory '/src/trafficserver/lib/swoc'
  CXX      src/ArenaWriter.lo
  CXX      src/bw_format.lo
  CXX      src/bw_ip_format.lo
  CXX      src/Errata.lo
  CXX      src/MemArena.lo
  CXX      src/RBTree.lo
  CXX      src/swoc_file.lo
  CXX      src/TextView.lo
  CXX      src/swoc_ip.lo
  CXXLD    libtsswoc.la
make[3]: Leaving directory '/src/trafficserver/lib/swoc'
make[2]: Leaving directory '/src/trafficserver/lib'
Making all in fastlz
make[2]: Entering directory '/src/trafficserver/lib/fastlz'
  CXX      fastlz.o
  AR       libfastlz.a
ar: `u' modifier ignored since `D' is the default (see `U')
make[2]: Leaving directory '/src/trafficserver/lib/fastlz'
Making all in perl
make[2]: Entering directory '/src/trafficserver/lib/perl'
test -f "../../lib/perl/Makefile.PL" || cp -rf "./." "../../lib/perl/"
/usr/bin/perl Makefile.PL INSTALLDIRS=perl INSTALL_BASE=/usr PREFIX=
Generating a Unix-style Makefile-pl
Writing Makefile-pl for Apache::TS
Writing MYMETA.yml and MYMETA.json
make -f Makefile-pl INSTALLDIRS=perl PREFIX=/usr DESTDIR=
make[3]: Entering directory '/src/trafficserver/lib/perl'
cp lib/Apache/TS/Config/Records.pm blib/lib/Apache/TS/Config/Records.pm
cp lib/Apache/TS.pm blib/lib/Apache/TS.pm
cp lib/Apache/TS/Config.pm blib/lib/Apache/TS/Config.pm
cp lib/Apache/TS/AdminClient.pm blib/lib/Apache/TS/AdminClient.pm
Manifying 3 pod documents
make[3]: Leaving directory '/src/trafficserver/lib/perl'
make[2]: Leaving directory '/src/trafficserver/lib/perl'
make[1]: Leaving directory '/src/trafficserver/lib'
Making all in src/tscpp/util
make[1]: Entering directory '/src/trafficserver/src/tscpp/util'
  CXX      TextView.lo
  CXX      string_view_util.lo
  CXXLD    libtscpputil.la
make[1]: Leaving directory '/src/trafficserver/src/tscpp/util'
Making all in src/tscore
make[1]: Entering directory '/src/trafficserver/src/tscore'
Makefile:2666: warning: overriding recipe for target 'CompileParseRules'
Makefile:1203: warning: ignoring old recipe for target 'CompileParseRules'
  CXX      CompileParseRules.o
c++ -std=c++17 -ggdb3 -pipe -Wall -Wextra -Wno-ignored-qualifiers -Wno-unused-parameter -Wno-format-truncation -Wno-cast-function-type -Wno-stringop-overflow -Werror -Wno-invalid-offsetof -Wno-noexcept-type -Wsuggest-override -mcx16 -D_GNU_SOURCE -DOPENSSL_NO_SSL_INTERN -DOPENSSL_API_COMPAT=10002 -DOPENSSL_IS_OPENSSL3 -I../../include -I/src/trafficserver/include -o CompileParseRules /src/trafficserver/src/tscore/CompileParseRules.cc
LSAN_OPTIONS='detect_leaks=0' ./CompileParseRules
make  all-am
make[2]: Entering directory '/src/trafficserver/src/tscore'
Makefile:2666: warning: overriding recipe for target 'CompileParseRules'
Makefile:1203: warning: ignoring old recipe for target 'CompileParseRules'
  CXX      AcidPtr.lo
  CXX      Arena.lo
  CXX      ArgParser.lo
  CXX      BaseLogFile.lo
  CXX      BufferWriterFormat.lo
  CXX      ConsistentHash.lo
  CXX      CryptoHash.lo
  CXX      ContFlags.lo
  CXX      DbgCtl.lo
  CXX      Diags.lo
  CXX      Errata.lo
  CXX      EventNotify.lo
  CXX      Extendible.lo
  CXX      HashFNV.lo
  CXX      Hash.lo
  CXX      HashSip.lo
  CXX      HostLookup.lo
  CXX      hugepages.lo
  CXX      ink_args.lo
  CXX      ink_assert.lo
  CXX      ink_base64.lo
  CXX      ink_defs.lo
  CXX      ink_error.lo
  CXX      InkErrno.lo
  CXX      ink_file.lo
  CXX      ink_cap.lo
  CXX      ink_hrtime.lo
  CXX      ink_hw.lo
  CXX      ink_inet.lo
  CXX      ink_memory.lo
  CXX      ink_mutex.lo
  CXX      ink_queue.lo
  CXX      ink_queue_utils.lo
  CXX      ink_rand.lo
  CXX      ink_res_init.lo
  CXX      ink_res_mkquery.lo
  CXX      ink_resource.lo
  CXX      ink_sock.lo
  CXX      ink_sprintf.lo
  CXX      ink_rwlock.lo
  CXX      ink_stack_trace.lo
  CXX      ink_string++.lo
  CXX      ink_sys_control.lo
  CXX      ink_string.lo
  CXX      ink_syslog.lo
  CXX      ink_thread.lo
  CXX      ink_time.lo
  CXX      ink_uuid.lo
  CXX      IpMap.lo
  CXX      IpMapConf.lo
  CXX      JeMiAllocator.lo
  CXX      Layout.lo
  CXX      llqueue.lo
  CXX      lockfile.lo
  CXX      MatcherUtils.lo
  CXX      MemArena.lo
  CXX      MMH.lo
  CXX      ParseRules.lo
  CXX      Random.lo
  CXX      RbTree.lo
  CXX      Regex.lo
  CXX      Regression.lo
  CXX      runroot.lo
  CXX      signals.lo
  CXX      SourceLocation.lo
  CXX      TextBuffer.lo
  CXX      LogMessage.lo
  CXX      Throttler.lo
  CXX      Tokenizer.lo
  CXX      ts_file.lo
  CXX      Version.lo
  CXX      X509HostnameValidator.lo
  CXX      HKDF_openssl3.lo
  CXX      unit_tests/freelist_benchmark-freelist_benchmark.o
  CXXLD    libtscore.la
  CXXLD    freelist_benchmark
make[2]: Leaving directory '/src/trafficserver/src/tscore'
make[1]: Leaving directory '/src/trafficserver/src/tscore'
Making all in src/records
make[1]: Entering directory '/src/trafficserver/src/records'
  CXX      P_RecCore.o
  CXX      RecCore.o
  CXX      RecConfigParse.o
  CXX      RecDebug.o
  CXX      RecFile.o
  CXX      RecHttp.o
  CXX      RecMessage.o
  CXX      RecMutex.o
  CXX      RecRawStats.o
  CXX      RecLocal.o
  CXX      RecUtils.o
  CXX      RecProcess.o
  AR       librecords_p.a
  AR       librecords_lm.a
ar: `u' modifier ignored since `D' is the default (see `U')
ar: `u' modifier ignored since `D' is the default (see `U')
make[1]: Leaving directory '/src/trafficserver/src/records'
Making all in iocore
make[1]: Entering directory '/src/trafficserver/iocore'
Making all in eventsystem
make[2]: Entering directory '/src/trafficserver/iocore/eventsystem'
  CXX      IOBuffer.o
  CXX      EventSystem.o
  CXX      Lock.o
  CXX      Inline.o
  CXX      PQ-List.o
  CXX      MIOBufferWriter.o
  CXX      Processor.o
  CXX      ProtectedQueue.o
  CXX      ProxyAllocator.o
  CXX      SocketManager.o
  CXX      Tasks.o
  CXX      Thread.o
  CXX      UnixEThread.o
  CXX      UnixEvent.o
  CXX      UnixEventProcessor.o
  AR       libinkevent.a
ar: `u' modifier ignored since `D' is the default (see `U')
make[2]: Leaving directory '/src/trafficserver/iocore/eventsystem'
Making all in net
make[2]: Entering directory '/src/trafficserver/iocore/net'
make[3]: Entering directory '/src/trafficserver/iocore/net'
  CXX      ALPNSupport.o
  CXX      BIO_fastopen.o
  CXX      BoringSSLUtils.o
  CXX      Connection.o
  CXX      YamlSNIConfig.o
  CXX      Inline.o
  CXX      Net.o
  CXX      NetVConnection.o
  CXX      Socks.o
  CXX      ProxyProtocol.o
  CXX      SSLCertLookup.o
  CXX      SSLClientCoordinator.o
  CXX      SSLClientUtils.o
  CXX      SSLConfig.o
  CXX      SSLSecret.o
  CXX      SSLDiags.o
  CXX      SSLInternal.o
  CXX      SSLNetAccept.o
  CXX      SSLNetProcessor.o
  CXX      SSLNetVConnection.o
  CXX      SSLNextProtocolAccept.o
  CXX      SSLNextProtocolSet.o
  CXX      SSLSNIConfig.o
  CXX      SSLStats.o
  CXX      SSLSessionCache.o
  CXX      SSLSessionTicket.o
  CXX      SSLUtils.o
  CXX      OCSPStapling.o
  CXX      TLSBasicSupport.o
  CXX      TLSEarlyDataSupport.o
  CXX      TLSKeyLogger.o
  CXX      TLSSessionResumptionSupport.o
  CXX      TLSSNISupport.o
  CXX      TLSTunnelSupport.o
  CXX      UDPIOEvent.o
  CXX      UnixConnection.o
  CXX      UnixNet.o
  CXX      UnixNetAccept.o
  CXX      UnixNetPages.o
  CXX      UnixNetProcessor.o
  CXX      UnixNetVConnection.o
  CXX      UnixUDPConnection.o
  CXX      UnixUDPNet.o
  CXX      SSLDynlock.o
  CXX      NetVCTest.o
  AR       libinknet.a
ar: `u' modifier ignored since `D' is the default (see `U')
make[3]: Leaving directory '/src/trafficserver/iocore/net'
make[2]: Leaving directory '/src/trafficserver/iocore/net'
Making all in aio
make[2]: Entering directory '/src/trafficserver/iocore/aio'
  CXX      AIO.o
  CXX      Inline.o
  AR       libinkaio.a
ar: `u' modifier ignored since `D' is the default (see `U')
make[2]: Leaving directory '/src/trafficserver/iocore/aio'
Making all in dns
make[2]: Entering directory '/src/trafficserver/iocore/dns'
  CXX      DNS.o
  CXX      DNSConnection.o
  CXX      Inline.o
  CXX      SplitDNS.o
  AR       libinkdns.a
ar: `u' modifier ignored since `D' is the default (see `U')
make[2]: Leaving directory '/src/trafficserver/iocore/dns'
Making all in hostdb
make[2]: Entering directory '/src/trafficserver/iocore/hostdb'
  CXX      HostDB.o
  CXX      Inline.o
  CXX      RefCountCache.o
  CXX      HostFile.o
  CXX      HostDBInfo.o
  AR       libinkhostdb.a
ar: `u' modifier ignored since `D' is the default (see `U')
make[2]: Leaving directory '/src/trafficserver/iocore/hostdb'
Making all in utils
make[2]: Entering directory '/src/trafficserver/iocore/utils'
  CXX      Machine.o
  CXX      OneWayMultiTunnel.o
  CXX      OneWayTunnel.o
  AR       libinkutils.a
ar: `u' modifier ignored since `D' is the default (see `U')
make[2]: Leaving directory '/src/trafficserver/iocore/utils'
Making all in cache
make[2]: Entering directory '/src/trafficserver/iocore/cache'
  CXX      Cache.o
  CXX      CacheDir.o
  CXX      CacheDisk.o
  CXX      CacheHosting.o
  CXX      CacheHttp.o
  CXX      CachePages.o
  CXX      CachePagesInternal.o
  CXX      CacheRead.o
  CXX      CacheWrite.o
  CXX      CacheVol.o
  CXX      Inline.o
  CXX      RamCacheCLFUS.o
  CXX      RamCacheLRU.o
  CXX      Store.o
  CXX      CacheTest.o
  AR       libinkcache.a
ar: `u' modifier ignored since `D' is the default (see `U')
make[2]: Leaving directory '/src/trafficserver/iocore/cache'
make[2]: Entering directory '/src/trafficserver/iocore'
make[2]: Nothing to be done for 'all-am'.
make[2]: Leaving directory '/src/trafficserver/iocore'
make[1]: Leaving directory '/src/trafficserver/iocore'
Making all in proxy
make[1]: Entering directory '/src/trafficserver/proxy'
Making all in hdrs
make[2]: Entering directory '/src/trafficserver/proxy/hdrs'
  CXX      HTTP.o
  CXX      HdrHeap.o
  CXX      HdrToken.o
  CXX      HdrTSOnly.o
  CXX      HdrUtils.o
  CXX      HttpCompat.o
  CXX      MIME.o
  CXX      URL.o
  CXX      VersionConverter.o
  CXX      HuffmanCodec.o
  CXX      XPACK.o
  AR       libhdrs.a
ar: `u' modifier ignored since `D' is the default (see `U')
make[2]: Leaving directory '/src/trafficserver/proxy/hdrs'
Making all in shared
make[2]: Entering directory '/src/trafficserver/proxy/shared'
  CXX      DiagsConfig.o
  CXX      UglyLogStubs.o
  AR       libdiagsconfig.a
ar: `u' modifier ignored since `D' is the default (see `U')
  AR       libUglyLogStubs.a
ar: `u' modifier ignored since `D' is the default (see `U')
make[2]: Leaving directory '/src/trafficserver/proxy/shared'
Making all in http
make[2]: Entering directory '/src/trafficserver/proxy/http'
Making all in remap
make[3]: Entering directory '/src/trafficserver/proxy/http/remap'
  CXX      AclFiltering.o
  CXX      NextHopSelectionStrategy.o
  CXX      NextHopHealthStatus.o
  CXX      NextHopConsistentHash.o
  CXX      NextHopRoundRobin.o
  CXX      NextHopStrategyFactory.o
  CXX      RemapHitCount.o
  CXX      RemapConfig.o
  CXX      RemapPluginInfo.o
  CXX      PluginFactory.o
  CXX      PluginDso.o
  CXX      RemapPlugins.o
  CXX      RemapProcessor.o
  CXX      UrlMapping.o
  CXX      UrlMappingPathIndex.o
  CXX      UrlRewrite.o
  CXX      unit-tests/plugin_v1_la-plugin_misc_cb.lo
  CXX      unit-tests/plugin_v2_la-plugin_misc_cb.lo
  CXX      unit-tests/plugin_init_fail_la-plugin_init_fail.lo
  CXX      unit-tests/plugin_instinit_fail_la-plugin_instinit_fail.lo
  CXX      unit-tests/plugin_required_cb_la-plugin_required_cb.lo
  CXX      unit-tests/plugin_missing_deleteinstance_la-plugin_missing_deleteinstance.lo
  CXX      unit-tests/plugin_missing_doremap_la-plugin_missing_doremap.lo
  CXX      unit-tests/plugin_missing_init_la-plugin_missing_init.lo
  CXX      unit-tests/plugin_missing_newinstance_la-plugin_missing_newinstance.lo
  CXX      unit-tests/plugin_testing_calls_la-plugin_testing_calls.lo
  CXX      unit-tests/plugin_testing_calls_la-plugin_testing_common.lo
  CXXLD    unit-tests/plugin_missing_newinstance.la
  CXXLD    unit-tests/plugin_missing_deleteinstance.la
  CXXLD    unit-tests/plugin_required_cb.la
  CXXLD    unit-tests/plugin_missing_init.la
  CXXLD    unit-tests/plugin_missing_doremap.la
  CXXLD    unit-tests/plugin_v2.la
  CXXLD    unit-tests/plugin_v1.la
  CXXLD    unit-tests/plugin_instinit_fail.la
  CXXLD    unit-tests/plugin_init_fail.la
  CXXLD    unit-tests/plugin_testing_calls.la
  AR       libhttp_remap.a
ar: `u' modifier ignored since `D' is the default (see `U')
make[3]: Leaving directory '/src/trafficserver/proxy/http/remap'
make[3]: Entering directory '/src/trafficserver/proxy/http'
  CXX      HttpSessionAccept.o
  CXX      HttpBodyFactory.o
  CXX      HttpCacheSM.o
  CXX      Http1ClientSession.o
  CXX      Http1ClientTransaction.o
  CXX      Http1ServerTransaction.o
  CXX      HttpConfig.o
  CXX      HttpConnectionCount.o
  CXX      HttpDebugNames.o
  CXX      HttpPages.o
  CXX      HttpProxyServerMain.o
  CXX      HttpSM.o
  CXX      Http1ServerSession.o
  CXX      HttpSessionManager.o
  CXX      HttpTransact.o
  CXX      HttpTransactCache.o
  CXX      HttpTransactHeaders.o
  CXX      HttpTunnel.o
  CXX      ForwardedConfig.o
  CXX      PreWarmConfig.o
  CXX      PreWarmManager.o
  CXX      RegressionHttpTransact.o
  AR       libhttp.a
ar: `u' modifier ignored since `D' is the default (see `U')
make[3]: Leaving directory '/src/trafficserver/proxy/http'
make[2]: Leaving directory '/src/trafficserver/proxy/http'
Making all in http2
make[2]: Entering directory '/src/trafficserver/proxy/http2'
  CXX      HPACK.o
  CXX      HTTP2.o
  CXX      Http2Frame.o
  CXX      Http2CommonSession.o
  CXX      Http2ClientSession.o
  CXX      Http2ConnectionState.o
  CXX      Http2DebugNames.o
  CXX      Http2FrequencyCounter.o
  CXX      Http2Stream.o
  CXX      Http2SessionAccept.o
  AR       libhttp2.a
ar: `u' modifier ignored since `D' is the default (see `U')
make[2]: Leaving directory '/src/trafficserver/proxy/http2'
Making all in logging
make[2]: Entering directory '/src/trafficserver/proxy/logging'
  CXX      Log.o
  CXX      LogBuffer.o
  CXX      LogAccess.o
  CXX      LogConfig.o
  CXX      LogField.o
  CXX      LogFieldAliasMap.o
  CXX      LogFile.o
  CXX      LogFilter.o
  CXX      LogFormat.o
  CXX      LogObject.o
  CXX      RolledLogDeleter.o
  CXX      LogUtils.o
  CXX      YamlLogConfig.o
  CXX      YamlLogConfigDecoders.o
  AR       liblogging.a
ar: `u' modifier ignored since `D' is the default (see `U')
make[2]: Leaving directory '/src/trafficserver/proxy/logging'
make[2]: Entering directory '/src/trafficserver/proxy'
  CXX      ControlBase.o
  CXX      CacheControl.o
  CXX      ControlMatcher.o
  CXX      IPAllow.o
  CXX      ParentConsistentHash.o
  CXX      ParentRoundRobin.o
  CXX      ParentSelectionStrategy.o
  CXX      ParentSelection.o
  CXX      Plugin.o
  CXX      PluginVC.o
  CXX      ProtocolProbeSessionAccept.o
  CXX      ProxySession.o
  CXX      ProxyTransaction.o
  CXX      StatPages.o
  CXX      ReverseProxy.o
  CXX      Transform.o
  CXX      RegressionSM.o
  CXX      private/SSLProxySession.o
  AR       libproxy.a
ar: `u' modifier ignored since `D' is the default (see `U')
make[2]: Leaving directory '/src/trafficserver/proxy'
make[1]: Leaving directory '/src/trafficserver/proxy'
Making all in mgmt
make[1]: Entering directory '/src/trafficserver/mgmt'
Making all in utils
make[2]: Entering directory '/src/trafficserver/mgmt/utils'
  CXX      MgmtMarshall.lo
  CXX      MgmtSocket.lo
  CXX      ExpandingArray.lo
  CXX      MgmtUtils.lo
  CXX      MgmtLocalCleanup.lo
  CXX      MgmtProcessCleanup.lo
  CXXLD    libutils_p.la
  CXXLD    libutils_lm.la
make[2]: Leaving directory '/src/trafficserver/mgmt/utils'
Making all in api
make[2]: Entering directory '/src/trafficserver/mgmt/api'
Making all in include
make[3]: Entering directory '/src/trafficserver/mgmt/api/include'
make[3]: Nothing to be done for 'all'.
make[3]: Leaving directory '/src/trafficserver/mgmt/api/include'
make[3]: Entering directory '/src/trafficserver/mgmt/api'
  CXX      APITestCliRemote.o
  CXX      CoreAPIRemote.lo
  CXX      NetworkUtilsRemote.lo
  CXX      EventCallback.lo
  CXX      CoreAPIShared.lo
  CXX      INKMgmtAPI.lo
  CXX      NetworkMessage.lo
  CXX      CoreAPI.lo
  CXX      EventControlMain.lo
  CXX      NetworkUtilsLocal.lo
  CXX      TSControlMain.lo
  CXXLD    libmgmtapi.la
  CXXLD    libtsmgmt.la
  CXXLD    traffic_api_cli_remote
  CXXLD    libmgmtapilocal.la
make[3]: Leaving directory '/src/trafficserver/mgmt/api'
make[2]: Leaving directory '/src/trafficserver/mgmt/api'
make[2]: Entering directory '/src/trafficserver/mgmt'
  CXX      RecordsConfig.lo
  CXX      BaseManager.lo
  CXX      ProcessManager.lo
  CXX      RecordsConfigUtils.lo
  CXX      ProxyConfig.lo
  CXX      YamlCfg.lo
  CXX      Alarms.lo
  CXX      DerivativeMetrics.lo
  CXX      LocalManager.lo
  CXX      FileManager.lo
  CXX      ConfigManager.lo
  CXX      WebMgmtUtils.lo
  CXXLD    libmgmt_c.la
  CXXLD    libmgmt_lm.la
  CXXLD    libmgmt_p.la
make[2]: Leaving directory '/src/trafficserver/mgmt'
make[1]: Leaving directory '/src/trafficserver/mgmt'
Making all in src
make[1]: Entering directory '/src/trafficserver/src'
Making all in tscpp/api
make[2]: Entering directory '/src/trafficserver/src/tscpp/api'
  CXX      libtscppapi_la-AsyncTimer.lo
  CXX      libtscppapi_la-AsyncHttpFetch.lo
  CXX      libtscppapi_la-CaseInsensitiveStringComparator.lo
  CXX      libtscppapi_la-ClientRequest.lo
  CXX      libtscppapi_la-GlobalPlugin.lo
  CXX      libtscppapi_la-Continuation.lo
  CXX      libtscppapi_la-GzipDeflateTransformation.lo
  CXX      libtscppapi_la-GzipInflateTransformation.lo
  CXX      libtscppapi_la-Headers.lo
  CXX      libtscppapi_la-HttpVersion.lo
  CXX      libtscppapi_la-HttpMethod.lo
  CXX      libtscppapi_la-InterceptPlugin.lo
  CXX      libtscppapi_la-Plugin.lo
  CXX      libtscppapi_la-Logger.lo
  CXX      libtscppapi_la-RemapPlugin.lo
  CXX      libtscppapi_la-Request.lo
  CXX      libtscppapi_la-Response.lo
  CXX      libtscppapi_la-Stat.lo
  CXX      libtscppapi_la-Transaction.lo
  CXX      libtscppapi_la-TransactionPlugin.lo
  CXX      libtscppapi_la-TransformationPlugin.lo
  CXX      libtscppapi_la-Url.lo
  CXX      libtscppapi_la-utils.lo
  CXX      libtscppapi_la-utils_internal.lo
  CXXLD    libtscppapi.la
make[2]: Leaving directory '/src/trafficserver/src/tscpp/api'
Making all in wccp
make[2]: Entering directory '/src/trafficserver/src/wccp'
  CXX      WccpConfig.o
  CXX      WccpMsg.o
  CXX      WccpEndPoint.o
  CXX      WccpStatic.o
  AR       libwccp.a
ar: `u' modifier ignored since `D' is the default (see `U')
make[2]: Leaving directory '/src/trafficserver/src/wccp'
make[2]: Entering directory '/src/trafficserver/src'
  CXX      shared/traffic_ctl_traffic_ctl-overridable_txn_vars.o
  CXX      traffic_wccp/traffic_wccp-wccp_client.o
  CXX      traffic_cache_tool/traffic_cache_tool-CacheDefs.o
  CXX      traffic_cache_tool/traffic_cache_tool-CacheTool.o
  CXX      traffic_cache_tool/traffic_cache_tool-CacheScan.o
  CXX      traffic_via/traffic_via-traffic_via.o
  CXX      traffic_manager/traffic_manager-AddConfigFilesHere.o
  CXX      traffic_top/traffic_top-traffic_top.o
  CXX      traffic_manager/traffic_manager-traffic_manager.o
  CXX      traffic_server/traffic_server-Crash.o
  CXX      traffic_server/traffic_server-EventName.o
  CXX      traffic_server/traffic_server-FetchSM.o
  CXX      traffic_server/traffic_server-HostStatus.o
  CXX      traffic_server/traffic_server-InkAPI.o
  CXX      traffic_server/traffic_server-InkIOCoreAPI.o
  CXX      traffic_server/traffic_server-SocksProxy.o
  CXX      shared/traffic_server_traffic_server-overridable_txn_vars.o
  CXX      traffic_server/traffic_server-traffic_server.o
  CXX      traffic_server/traffic_server-InkAPITest.o
  CXX      traffic_logstats/traffic_logstats-logstats.o
  CXX      traffic_crashlog/traffic_crashlog-procinfo.o
  CXX      traffic_crashlog/traffic_crashlog-traffic_crashlog.o
  CXX      traffic_ctl/traffic_ctl-alarm.o
  CXX      traffic_ctl/traffic_ctl-config.o
  CXX      traffic_ctl/traffic_ctl-metric.o
  CXX      traffic_ctl/traffic_ctl-plugin.o
  CXX      traffic_ctl/traffic_ctl-server.o
  CXX      traffic_ctl/traffic_ctl-storage.o
  CXX      traffic_ctl/traffic_ctl-host.o
  CXX      traffic_ctl/traffic_ctl-traffic_ctl.o
  CXX      traffic_layout/traffic_layout-traffic_layout.o
  CXX      traffic_layout/traffic_layout-file_system.o
  CXX      traffic_layout/traffic_layout-engine.o
  CXX      traffic_layout/traffic_layout-info.o
  CXX      traffic_logcat/traffic_logcat-logcat.o
  CXXLD    traffic_via/traffic_via
  CXXLD    traffic_top/traffic_top
  CXXLD    traffic_crashlog/traffic_crashlog
  CXXLD    traffic_wccp/traffic_wccp
  CXXLD    traffic_logcat/traffic_logcat
  CXXLD    traffic_manager/traffic_manager
  CXXLD    traffic_logstats/traffic_logstats
  CXXLD    traffic_ctl/traffic_ctl
  CXXLD    traffic_layout/traffic_layout
  CXXLD    traffic_cache_tool/traffic_cache_tool
  CXXLD    traffic_server/traffic_server
make[2]: Leaving directory '/src/trafficserver/src'
make[1]: Leaving directory '/src/trafficserver/src'
Making all in plugins
make[1]: Entering directory '/src/trafficserver/plugins'
make[2]: Entering directory '/src/trafficserver/plugins'
  CXX      esi/lib/esi_la-HandlerManager.lo
  CXX      esi/lib/combo_handler_la-HandlerManager.lo
  CXX      header_rewrite/condition.lo
  CXX      header_rewrite/conditions.lo
  CXX      header_rewrite/factory.lo
  CXX      header_rewrite/header_rewrite.lo
  CXX      header_rewrite/lulu.lo
  CXX      header_rewrite/operator.lo
  CXX      header_rewrite/operators.lo
  CXX      header_rewrite/regex_helper.lo
  CXX      header_rewrite/ipranges_helper.lo
  CXX      header_rewrite/resources.lo
  CXX      header_rewrite/ruleset.lo
  CXX      header_rewrite/statement.lo
  CXX      header_rewrite/value.lo
  CXX      header_rewrite/conditions_geo_maxmind.lo
  CXX      header_rewrite/conditions_geo_geoip.lo
  CXX      experimental/sslheaders/sslheaders_la-sslheaders.lo
  CXX      esi/lib/libesicore_la-DocNode.lo
  CXX      esi/lib/libesicore_la-EsiGunzip.lo
  CXX      esi/lib/libesicore_la-EsiGzip.lo
  CXX      esi/lib/libesicore_la-EsiParser.lo
  CXX      esi/lib/libesicore_la-EsiProcessor.lo
  CXX      esi/lib/libesicore_la-Expression.lo
  CXX      esi/lib/libesicore_la-Stats.lo
  CXX      esi/lib/libesicore_la-Utils.lo
  CXX      esi/lib/libesicore_la-Variables.lo
  CXX      esi/lib/libesicore_la-gzip.lo
  CXX      esi/test/libtest_la-print_funcs.lo
  CXX      esi/test/libtest_la-HandlerMap.lo
  CXX      esi/test/libtest_la-StubIncludeHandler.lo
  CXX      esi/test/libtest_la-TestHandlerManager.lo
  CXX      header_rewrite/parser.lo
  CXX      experimental/sslheaders/libsslhdr_la-expand.lo
  CXX      experimental/sslheaders/libsslhdr_la-util.lo
  CXX      authproxy/authproxy.lo
  CXX      authproxy/utils.lo
  CXX      background_fetch/background_fetch.lo
  CXX      background_fetch/configs.lo
  CXX      background_fetch/headers.lo
  CXX      cachekey/cachekey.lo
  CXX      background_fetch/rules.lo
  CXX      cachekey/common.lo
  CXX      cachekey/configs.lo
  CXX      cachekey/pattern.lo
  CXX      cachekey/plugin.lo
  CXX      cache_promote/cache_promote.lo
  CXX      cache_promote/configs.lo
  CXX      cache_promote/policy.lo
  CXX      cache_promote/lru_policy.lo
  CXX      cache_promote/policy_manager.lo
  CXX      cache_range_requests/cache_range_requests.lo
  CXX      certifier/certifier.lo
  CXX      conf_remap/conf_remap.lo
  CXX      escalate/escalate.lo
  CXX      esi/esi_la-esi.lo
  CXX      esi/fetcher/esi_la-HttpDataFetcherImpl.lo
  CXX      esi/esi_la-serverIntercept.lo
  CXX      esi/combo_handler_la-combo_handler.lo
  CXX      esi/fetcher/combo_handler_la-HttpDataFetcherImpl.lo
  CXX      generator/generator.lo
  CXX      compress/compress_la-compress.lo
  CXX      compress/compress_la-configuration.lo
  CXX      compress/compress_la-misc.lo
  CC       healthchecks/healthchecks.lo
  CC       libloader/libloader.lo
  CC       lua/tslua_la-ts_lua.lo
  CC       lua/tslua_la-ts_lua_cached_response.lo
  CC       lua/tslua_la-ts_lua_client_request.lo
  CC       lua/tslua_la-ts_lua_client_response.lo
  CC       lua/tslua_la-ts_lua_context.lo
  CC       lua/tslua_la-ts_lua_hook.lo
  CC       lua/tslua_la-ts_lua_http.lo
  CC       lua/tslua_la-ts_lua_http_intercept.lo
  CC       lua/tslua_la-ts_lua_log.lo
  CC       lua/tslua_la-ts_lua_misc.lo
  CC       lua/tslua_la-ts_lua_server_request.lo
  CC       lua/tslua_la-ts_lua_server_response.lo
  CC       lua/tslua_la-ts_lua_transform.lo
  CC       lua/tslua_la-ts_lua_util.lo
  CC       lua/tslua_la-ts_lua_remap.lo
  CC       lua/tslua_la-ts_lua_http_cntl.lo
  CC       lua/tslua_la-ts_lua_http_milestone.lo
  CC       lua/tslua_la-ts_lua_http_txn_info.lo
  CC       lua/tslua_la-ts_lua_http_config.lo
  CC       lua/tslua_la-ts_lua_mgmt.lo
  CC       lua/tslua_la-ts_lua_package.lo
  CC       lua/tslua_la-ts_lua_string.lo
  CC       lua/tslua_la-ts_lua_crypto.lo
  CC       lua/tslua_la-ts_lua_stat.lo
  CC       lua/tslua_la-ts_lua_io.lo
  CC       lua/tslua_la-ts_lua_coroutine.lo
  CC       lua/tslua_la-ts_lua_fetch.lo
  CC       lua/tslua_la-ts_lua_constant.lo
  CXX      multiplexer/multiplexer_la-ats-multiplexer.lo
  CXX      multiplexer/multiplexer_la-chunk-decoder.lo
  CXX      multiplexer/multiplexer_la-dispatch.lo
  CXX      multiplexer/multiplexer_la-fetcher.lo
  CXX      multiplexer/multiplexer_la-original-request.lo
  CXX      multiplexer/multiplexer_la-post.lo
  CXX      multiplexer/multiplexer_la-ts.lo
  CXX      prefetch/plugin.lo
  CXX      prefetch/common.lo
  CXX      prefetch/configs.lo
  CXX      prefetch/fetch.lo
  CXX      prefetch/headers.lo
  CXX      prefetch/pattern.lo
  CXX      prefetch/fetch_policy.lo
  CXX      prefetch/fetch_policy_simple.lo
  CXX      prefetch/fetch_policy_lru.lo
  CXX      prefetch/evaluate.lo
  CXX      regex_remap/regex_remap.lo
  CC       regex_revalidate/regex_revalidate.lo
  CC       remap_purge/remap_purge.lo
  CXX      s3_auth/s3_auth.lo
  CXX      s3_auth/aws_auth_v4.lo
  CXX      server_push_preload/server_push_preload.lo
  CXX      stats_over_http/stats_over_http_la-stats_over_http.lo
  CXX      tcpinfo/tcpinfo.lo
  CXX      xdebug/xdebug.lo
  CXX      experimental/access_control/access_control.lo
  CXX      experimental/access_control/common.lo
  CXX      experimental/access_control/config.lo
  CXX      experimental/access_control/headers.lo
  CXX      experimental/access_control/pattern.lo
  CXX      experimental/access_control/plugin.lo
  CXX      experimental/access_control/utils.lo
  CC       experimental/acme/acme.lo
  CXX      experimental/cache_fill/cache_fill.lo
  CXX      experimental/cache_fill/background_fetch.lo
  CXX      experimental/cert_reporting_tool/cert_reporting_tool.lo
  CXX      experimental/collapsed_forwarding/collapsed_forwarding.lo
  CXX      experimental/cookie_remap/cookie_remap.lo
  CC       experimental/cookie_remap/hash.lo
  CXX      experimental/cookie_remap/strip.lo
  CXX      experimental/cookie_remap/cookiejar.lo
  CXX      experimental/custom_redirect/custom_redirect.lo
  CC       experimental/fq_pacing/fq_pacing.lo
  CXX      experimental/geoip_acl/acl.lo
  CXX      experimental/geoip_acl/geoip_acl.lo
  CXX      experimental/header_freq/header_freq.lo
  CXX      experimental/parent_select/strategy.lo
  CXX      experimental/parent_select/healthstatus.lo
  CXX      experimental/parent_select/consistenthash.lo
  CXX      experimental/parent_select/consistenthash_config.lo
  CXX      experimental/parent_select/parent_select.lo
  CXX      experimental/hook-trace/hook-trace.lo
  CXX      experimental/http_stats/http_stats.lo
  CXX      experimental/icap/icap_plugin.lo
  CXX      experimental/inliner/inliner_la-ats-inliner.lo
  CXX      experimental/inliner/inliner_la-cache.lo
  CXX      experimental/inliner/inliner_la-chunk-decoder.lo
  CXX      experimental/inliner/inliner_la-fetcher.lo
  CXX      experimental/inliner/inliner_la-html-parser.lo
  CXX      experimental/inliner/inliner_la-inliner-handler.lo
  CXX      experimental/inliner/inliner_la-ts.lo
  CXX      experimental/maxmind_acl/maxmind_acl.lo
  CXX      experimental/maxmind_acl/mmdb.lo
  CXX      experimental/memcache/tsmemcache_la-tsmemcache.lo
  CXX      experimental/memory_profile/memory_profile_la-memory_profile.lo
  CXX      experimental/metalink/metalink.lo
  CXX      experimental/money_trace/money_trace.lo
  CXX      experimental/mp4/mp4.lo
  CXX      experimental/mp4/mp4_meta.lo
  CXX      experimental/rate_limit/rate_limit.lo
  CXX      experimental/rate_limit/txn_limiter.lo
  CXX      experimental/rate_limit/sni_limiter.lo
  CXX      experimental/rate_limit/sni_selector.lo
  CXX      experimental/rate_limit/ip_reputation.lo
  CXX      experimental/rate_limit/utilities.lo
  CXX      experimental/redo_cache_lookup/redo_cache_lookup.lo
  CXX      experimental/remap_stats/remap_stats.lo
  CXX      experimental/slice/client.lo
  CXX      experimental/slice/Config.lo
  CXX      experimental/slice/ContentRange.lo
  CXX      experimental/slice/HttpHeader.lo
  CXX      experimental/slice/intercept.lo
  CXX      experimental/slice/prefetch.lo
  CXX      experimental/slice/Range.lo
  CXX      experimental/slice/response.lo
  CXX      experimental/slice/server.lo
  CXX      experimental/slice/transfer.lo
  CXX      experimental/slice/slice.lo
  CXX      experimental/slice/util.lo
  CXX      experimental/statichit/statichit.lo
  CXX      experimental/stream_editor/stream_editor.lo
  CC       experimental/system_stats/system_stats.lo
  CXX      experimental/traffic_dump/json_utils.lo
  CXX      experimental/traffic_dump/session_data.lo
  CXX      experimental/traffic_dump/traffic_dump.lo
  CXX      experimental/traffic_dump/transaction_data.lo
  CXX      experimental/tls_bridge/tls_bridge.lo
  CXX      experimental/tls_bridge/regex.lo
  CC       experimental/url_sig/url_sig.lo
  CXX      experimental/ja3_fingerprint/ja3_fingerprint.lo
  CC       experimental/uri_signing/uri_signing.lo
  CC       experimental/uri_signing/config.lo
  CC       experimental/uri_signing/cookie.lo
  CC       experimental/uri_signing/jwt.lo
  CC       experimental/uri_signing/match.lo
  CC       experimental/uri_signing/parse.lo
  CC       experimental/uri_signing/normalize.lo
  CC       experimental/uri_signing/timing.lo
  CXX      experimental/ssl_session_reuse/src/ats_ssl_plugin.lo
  CXX      experimental/ssl_session_reuse/src/common.lo
  CXX      experimental/ssl_session_reuse/src/config.lo
  CXX      experimental/ssl_session_reuse/src/connection.lo
  CXX      experimental/ssl_session_reuse/src/openssl_utils.lo
  CXX      experimental/ssl_session_reuse/src/publish.lo
  CXX      experimental/ssl_session_reuse/src/redis_endpoint.lo
  CXX      experimental/ssl_session_reuse/src/session_process.lo
  CXX      experimental/ssl_session_reuse/src/simple_pool.lo
  CXX      experimental/ssl_session_reuse/src/ssl_init.lo
  CXX      experimental/ssl_session_reuse/src/ssl_key_utils.lo
  CXX      experimental/ssl_session_reuse/src/subscriber.lo
  CC       experimental/cache_key_genid/cache_key_genid.lo
  CXX      experimental/mysql_remap/mysql_remap.lo
  CC       experimental/mysql_remap/lib/dictionary.lo
  CC       experimental/mysql_remap/lib/iniparser.lo
  CXXLD    experimental/sslheaders/libsslhdr.la
  CXXLD    authproxy/authproxy.la
  CXXLD    cache_range_requests/cache_range_requests.la
  CXXLD    conf_remap/conf_remap.la
  CXXLD    generator/generator.la
  CCLD     healthchecks/healthchecks.la
  CCLD     libloader/libloader.la
  CCLD     lua/tslua.la
  CCLD     regex_revalidate/regex_revalidate.la
  CCLD     remap_purge/remap_purge.la
  CXXLD    tcpinfo/tcpinfo.la
  CCLD     experimental/acme/acme.la
  CCLD     experimental/fq_pacing/fq_pacing.la
  CXXLD    experimental/hook-trace/hook-trace.la
  CXXLD    experimental/memory_profile/memory_profile.la
  CXXLD    experimental/metalink/metalink.la
  CXXLD    experimental/http_stats/http_stats.la
  CXXLD    experimental/header_freq/header_freq.la
  CCLD     experimental/system_stats/system_stats.la
  CXXLD    experimental/cert_reporting_tool/cert_reporting_tool.la
  CXXLD    escalate/escalate.la
  CXXLD    stats_over_http/stats_over_http.la
  CXXLD    experimental/cache_fill/cache_fill.la
  CXXLD    experimental/mp4/mp4.la
  CXXLD    experimental/sslheaders/sslheaders.la
  CCLD     experimental/cache_key_genid/cache_key_genid.la
  CXXLD    experimental/collapsed_forwarding/collapsed_forwarding.la
  CCLD     experimental/url_sig/url_sig.la
  CXXLD    experimental/custom_redirect/custom_redirect.la
  CXXLD    header_rewrite/parser.la
  CXXLD    experimental/mysql_remap/mysql_remap.la
  CXXLD    background_fetch/background_fetch.la
  CCLD     experimental/uri_signing/uri_signing.la
  CXXLD    experimental/geoip_acl/geoip_acl.la
  CXXLD    cachekey/cachekey.la
  CXXLD    regex_remap/regex_remap.la
  CXXLD    esi/libesicore.la
  CXXLD    header_rewrite/header_rewrite.la
  CXXLD    multiplexer/multiplexer.la
  CXXLD    experimental/money_trace/money_trace.la
  CXXLD    experimental/memcache/tsmemcache.la
  CXXLD    prefetch/prefetch.la
  CXXLD    experimental/tls_bridge/tls_bridge.la
  CXXLD    cache_promote/cache_promote.la
  CXXLD    compress/compress.la
  CXXLD    experimental/redo_cache_lookup/redo_cache_lookup.la
  CXXLD    experimental/slice/slice.la
  CXXLD    experimental/access_control/access_control.la
  CXXLD    xdebug/xdebug.la
  CXXLD    experimental/stream_editor/stream_editor.la
  CXXLD    experimental/statichit/statichit.la
  CXXLD    certifier/certifier.la
  CXXLD    esi/libtest.la
  CXXLD    esi/esi.la
  CXXLD    esi/combo_handler.la
  CXXLD    experimental/inliner/inliner.la
  CXXLD    experimental/rate_limit/rate_limit.la
  CXXLD    s3_auth/s3_auth.la
  CXXLD    experimental/cookie_remap/cookie_remap.la
  CXXLD    experimental/ja3_fingerprint/ja3_fingerprint.la
  CXXLD    experimental/remap_stats/remap_stats.la
  CXXLD    experimental/ssl_session_reuse/ssl_session_reuse.la
  CXXLD    experimental/traffic_dump/traffic_dump.la
  CXXLD    experimental/parent_select/parent_select.la
  CXXLD    experimental/maxmind_acl/maxmind_acl.la
  CXXLD    server_push_preload/server_push_preload.la
  CXXLD    experimental/icap/icap.la
make[2]: Leaving directory '/src/trafficserver/plugins'
make[1]: Leaving directory '/src/trafficserver/plugins'
Making all in tools
make[1]: Entering directory '/src/trafficserver/tools'
  CXX      jtest/jtest.o
  CC       http_load/http_load.o
  CC       http_load/timers.o
  CXX      escape_mapper/escape_mapper.o
  CCLD     http_load/http_load
  CXXLD    escape_mapper/escape_mapper
  CXXLD    jtest/jtest
make[1]: Leaving directory '/src/trafficserver/tools'
Making all in example
make[1]: Entering directory '/src/trafficserver/example'
Making all in plugins
make[2]: Entering directory '/src/trafficserver/example/plugins'
Making all in c-api
make[3]: Entering directory '/src/trafficserver/example/plugins/c-api'
  CC       add_header/add_header.lo
  CC       append_transform/append_transform.lo
  CC       basic_auth/basic_auth.lo
  CXX      cert_update/cert_update.lo
  CC       bnull_transform/bnull_transform.lo
  CXX      cache_scan/cache_scan.lo
  CC       request_buffer/request_buffer.lo
  CXX      client_context_dump/client_context_dump.lo
  CC       denylist_0/denylist_0.lo
  CC       denylist_1/denylist_1.lo
  CC       file_1/file_1.lo
  CC       hello/hello.lo
  CXX      intercept/intercept.lo
  CC       lifecycle_plugin/lifecycle_plugin.lo
  CC       null_transform/null_transform.lo
  CC       output_header/output_header.lo
  CC       protocol/TxnSM.lo
  CC       protocol/Protocol.lo
  CXX      protocol_stack/protocol_stack.lo
  CXX      passthru/passthru.lo
  CC       thread_pool/psi.lo
  CC       thread_pool/thread.lo
  CC       query_remap/query_remap.lo
  CC       redirect_1/redirect_1.lo
  CXX      remap/remap.lo
  CXX      remap_header_add/remap_header_add.lo
  CC       replace_header/replace_header.lo
  CC       response_header_1/response_header_1.lo
  CC       secure_link/secure_link.lo
  CC       server_push/server_push.lo
  CC       server_transform/server_transform.lo
  CC       session_hooks/session_hooks.lo
  CXX      ssl_preaccept/ssl_preaccept.lo
  CXX      ssl_sni_allowlist/ssl_sni_allowlist.lo
  CXX      ssl_sni/ssl_sni.lo
  CXX      statistic/statistic.lo
  CC       thread_1/thread_1.lo
  CXX      txn_data_sink/txn_data_sink.lo
  CC       version/version.lo
  CXX      disable_http2/disable_http2.lo
  CXX      verify_cert/verify_cert.lo
  CXX      vconn_args/vconn_args.lo
  CCLD     add_header.la
  CCLD     output_header.la
  CCLD     append_transform.la
  CCLD     lifecycle_plugin.la
  CCLD     denylist_1.la
  CCLD     hello.la
  CCLD     basic_auth.la
  CCLD     file_1.la
  CCLD     bnull_transform.la
  CCLD     denylist_0.la
  CCLD     null_transform.la
  CCLD     protocol.la
  CCLD     query_remap.la
  CCLD     redirect_1.la
  CCLD     server_transform.la
  CCLD     request_buffer.la
  CXXLD    passthru.la
  CXXLD    protocol_stack.la
  CCLD     psi.la
  CCLD     replace_header.la
  CCLD     response_header_1.la
  CCLD     server_push.la
  CCLD     session_hooks.la
  CXXLD    remap_header_add.la
  CCLD     version.la
  CXXLD    cache_scan.la
  CXXLD    intercept.la
  CCLD     thread_1.la
  CCLD     secure_link.la
  CXXLD    statistic.la
  CXXLD    vconn_args.la
  CXXLD    remap.la
  CXXLD    ssl_sni.la
  CXXLD    verify_cert.la
  CXXLD    txn_data_sink.la
  CXXLD    ssl_sni_allowlist.la
  CXXLD    cert_update.la
  CXXLD    client_context_dump.la
  CXXLD    disable_http2.la
  CXXLD    ssl_preaccept.la
make[3]: Leaving directory '/src/trafficserver/example/plugins/c-api'
Making all in cpp-api
make[3]: Entering directory '/src/trafficserver/example/plugins/cpp-api'
  CXX      async_http_fetch/AsyncHttpFetch.lo
  CXX      async_http_fetch_streaming/AsyncHttpFetchStreaming.lo
  CXX      async_timer/AsyncTimer.lo
  CXX      clientrequest/ClientRequest.lo
  CXX      clientredirect/ClientRedirect.lo
  CXX      custom_error_remap_plugin/CustomErrorRemapPlugin.lo
  CXX      customresponse/CustomResponse.lo
  CXX      delay_transformation_plugin/DelayTransformationPlugin.lo
  CXX      globalhook/GlobalHookPlugin.lo
  CXX      gzip_transformation/GzipTransformationPlugin.lo
  CXX      helloworld/HelloWorldPlugin.lo
  CXX      internal_transaction_handling/InternalTransactionHandling.lo
  CXX      logger_example/LoggerExample.lo
  CXX      multiple_transaction_hooks/MultipleTransactionHookPlugins.lo
  CXX      null_transformation_plugin/NullTransformationPlugin.lo
  CXX      post_buffer/PostBuffer.lo
  CXX      remap_plugin/RemapPlugin.lo
  CXX      serverresponse/ServerResponse.lo
  CXX      stat_example/StatExample.lo
  CXX      timeout_example/TimeoutExamplePlugin.lo
  CXX      transactionhook/TransactionHookPlugin.lo
  CXX      websocket/WebSocket.lo
  CXX      websocket/WSBuffer.lo
  CXX      boom/boom.lo
  CXX      intercept/intercept.lo
  CXXLD    LoggerExample.la
  CXXLD    ServerResponse.la
  CXXLD    ClientRequest.la
  CXXLD    CustomErrorRemapPlugin.la
  CXXLD    CustomResponse.la
  CXXLD    DelayTransformationPlugin.la
  CXXLD    TimeoutExamplePlugin.la
  CXXLD    ClientRedirect.la
  CXXLD    RemapPlugin.la
  CXXLD    WebSocket.la
  CXXLD    intercept.la
  CXXLD    StatExample.la
  CXXLD    GlobalHookPlugin.la
  CXXLD    PostBuffer.la
  CXXLD    NullTransformationPlugin.la
  CXXLD    HelloWorldPlugin.la
  CXXLD    GzipTransformationPlugin.la
  CXXLD    AsyncHttpFetchStreaming.la
  CXXLD    MultipleTransactionHookPlugins.la
  CXXLD    AsyncTimer.la
  CXXLD    TransactionHookPlugin.la
  CXXLD    InternalTransactionHandling.la
  CXXLD    boom.la
  CXXLD    AsyncHttpFetch.la
make[3]: Leaving directory '/src/trafficserver/example/plugins/cpp-api'
make[3]: Entering directory '/src/trafficserver/example/plugins'
make[3]: Nothing to be done for 'all-am'.
make[3]: Leaving directory '/src/trafficserver/example/plugins'
make[2]: Leaving directory '/src/trafficserver/example/plugins'
make[2]: Entering directory '/src/trafficserver/example'
make[2]: Nothing to be done for 'all-am'.
make[2]: Leaving directory '/src/trafficserver/example'
make[1]: Leaving directory '/src/trafficserver/example'
Making all in rc
make[1]: Entering directory '/src/trafficserver/rc'
make[1]: Nothing to be done for 'all'.
make[1]: Leaving directory '/src/trafficserver/rc'
Making all in configs
make[1]: Entering directory '/src/trafficserver/configs'
Making all in body_factory
make[2]: Entering directory '/src/trafficserver/configs/body_factory'
Making all in default
make[3]: Entering directory '/src/trafficserver/configs/body_factory/default'
make[3]: Nothing to be done for 'all'.
make[3]: Leaving directory '/src/trafficserver/configs/body_factory/default'
make[3]: Entering directory '/src/trafficserver/configs/body_factory'
make[3]: Nothing to be done for 'all-am'.
make[3]: Leaving directory '/src/trafficserver/configs/body_factory'
make[2]: Leaving directory '/src/trafficserver/configs/body_factory'
make[2]: Entering directory '/src/trafficserver/configs'
make[2]: Nothing to be done for 'all-am'.
make[2]: Leaving directory '/src/trafficserver/configs'
make[1]: Leaving directory '/src/trafficserver/configs'
Making all in tests
make[1]: Entering directory '/src/trafficserver/tests'
make[2]: Entering directory '/src/trafficserver/tests'
  CC       gold_tests/bigobj/check_ramp.o
  CC       gold_tests/bigobj/push_request.o
  CC       gold_tests/chunked_encoding/smuggle-client.o
  CXX      gold_tests/timeout/ssl-delay-server.o
  CC       gold_tests/tls/ssl-post.o
  CXX      gold_tests/continuations/plugins/session_id_verify.lo
  CXX      gold_tests/pluginTest/polite_hook_wait/polite_hook_wait.lo
  CXX      gold_tests/pluginTest/tsapi/test_tsapi.lo
  CXX      tools/plugins/cert_update.lo
  CXX      gold_tests/pluginTest/TSVConnFd/TSVConnFd.lo
  CXX      tools/plugins/conf_remap_stripped.lo
  CXX      tools/plugins/cont_schedule.lo
  CXX      tools/plugins/custom204plugin.lo
  CXX      tools/plugins/continuations_verify.lo
  CXX      tools/plugins/fatal_shutdown.lo
  CXX      tools/plugins/emergency_shutdown.lo
  CC       tools/plugins/missing_mangled_definition_c.lo
  CXX      tools/plugins/hook_add_plugin.lo
  CXX      tools/plugins/missing_mangled_definition_cpp.lo
  CXX      tools/plugins/missing_ts_plugin_init.lo
  CXX      tools/plugins/ssl_client_verify_test.lo
  CXX      tools/plugins/ssl_hook_test.lo
  CXX      tools/plugins/ssl_secret_load_test.lo
  CXX      tools/plugins/ssl_verify_test.lo
  CXX      tools/plugins/ssntxnorder_verify.lo
  CXX      tools/plugins/test_cppapi.lo
  CXX      tools/plugins/test_hooks.lo
  CXX      tools/plugins/test_log_interface.lo
  CXX      tools/plugins/user_args.lo
  CC       tools/plugins/async_engine.lo
  CCLD     gold_tests/bigobj/check_ramp
  CCLD     gold_tests/bigobj/push_request
  CXXLD    tools/plugins/cont_schedule.la
  CXXLD    tools/plugins/hook_add_plugin.la
  CXXLD    tools/plugins/emergency_shutdown.la
  CXXLD    tools/plugins/missing_mangled_definition.la
  CXXLD    tools/plugins/conf_remap_stripped.la
  CXXLD    tools/plugins/missing_ts_plugin_init.la
  CXXLD    tools/plugins/fatal_shutdown.la
  CXXLD    tools/plugins/custom204plugin.la
  CCLD     gold_tests/chunked_encoding/smuggle-client
  CXXLD    tools/plugins/continuations_verify.la
  CXXLD    gold_tests/timeout/ssl-delay-server
  CCLD     gold_tests/tls/ssl-post
  CXXLD    tools/plugins/user_args.la
  CXXLD    tools/plugins/async_engine.la
  CXXLD    gold_tests/continuations/plugins/session_id_verify.la
  CXXLD    tools/plugins/test_log_interface.la
  CXXLD    tools/plugins/ssl_hook_test.la
  CXXLD    gold_tests/pluginTest/polite_hook_wait/polite_hook_wait.la
  CXXLD    tools/plugins/test_hooks.la
  CXXLD    tools/plugins/cert_update.la
  CXXLD    tools/plugins/ssl_verify_test.la
  CXXLD    gold_tests/pluginTest/TSVConnFd/TSVConnFd.la
  CXXLD    gold_tests/pluginTest/tsapi/test_tsapi.la
  CXXLD    tools/plugins/ssntxnorder_verify.la
  CXXLD    tools/plugins/ssl_client_verify_test.la
  CXXLD    tools/plugins/test_cppapi.la
  CXXLD    tools/plugins/ssl_secret_load_test.la
make[2]: Leaving directory '/src/trafficserver/tests'
make[1]: Leaving directory '/src/trafficserver/tests'
make[1]: Entering directory '/src/trafficserver'
make[1]: Leaving directory '/src/trafficserver'
